--- Startup times for process: Primary/TUI ---

times in msec
 clock   self+sourced   self:  sourced script
 clock   elapsed:              other lines

000.001  000.001: --- NVIM STARTING ---
000.184  000.184: event init
000.648  000.463: early init
001.446  000.798: locale set
001.517  000.071: init first window
001.988  000.471: inits 1
001.999  000.011: window checked
002.003  000.004: parsing arguments
002.994  000.046  000.046: require('vim.shared')
003.103  000.055  000.055: require('vim.inspect')
003.166  000.048  000.048: require('vim._options')
003.168  000.166  000.063: require('vim._editor')
003.170  000.274  000.062: require('vim._init_packages')
003.173  000.896: init lua interpreter
003.738  000.565: --- NVIM STARTED ---

--- Startup times for process: Embedded ---

times in msec
 clock   self+sourced   self:  sourced script
 clock   elapsed:              other lines

000.000  000.000: --- NVIM STARTING ---
000.097  000.097: event init
000.280  000.183: early init
000.636  000.355: locale set
000.676  000.040: init first window
000.978  000.302: inits 1
000.994  000.017: window checked
000.998  000.004: parsing arguments
001.504  000.037  000.037: require('vim.shared')
001.589  000.042  000.042: require('vim.inspect')
001.639  000.037  000.037: require('vim._options')
001.641  000.131  000.052: require('vim._editor')
001.642  000.201  000.033: require('vim._init_packages')
001.645  000.446: init lua interpreter
003.985  002.340: expanding arguments
003.999  000.014: inits 2
004.317  000.318: init highlight
004.318  000.001: waiting for UI
004.489  000.171: done waiting for UI
004.495  000.007: clear screen
004.584  000.011  000.011: require('vim.keymap')
005.231  000.733  000.723: require('vim._defaults')
005.233  000.004: init default mappings & autocommands
006.051  000.313  000.313: sourcing /opt/homebrew/Cellar/neovim/0.10.4/share/nvim/runtime/ftplugin.vim
006.340  000.199  000.199: sourcing /opt/homebrew/Cellar/neovim/0.10.4/share/nvim/runtime/indent.vim
007.196  000.488  000.488: require('options')
008.499  001.301  001.301: require('keymaps')
008.984  000.483  000.483: require('lazy-bootstrap')
010.027  000.340  000.340: require('lazy')
010.330  000.301  000.301: require('kickstart/plugins/gitsigns')
010.561  000.229  000.229: require('kickstart/plugins/which-key')
010.832  000.269  000.269: require('kickstart/plugins/telescope')
011.211  000.378  000.378: require('kickstart/plugins/lspconfig')
011.463  000.251  000.251: require('kickstart/plugins/conform')
011.868  000.404  000.404: require('kickstart/plugins/cmp')
012.124  000.254  000.254: require('kickstart/plugins/tokyonight')
012.363  000.237  000.237: require('kickstart/plugins/todo-comments')
012.593  000.228  000.228: require('kickstart/plugins/mini')
012.848  000.254  000.254: require('kickstart/plugins/treesitter')
013.051  000.202  000.202: require('kickstart.plugins.indent_line')
013.306  000.254  000.254: require('kickstart.plugins.lint')
013.951  000.644  000.644: require('kickstart.plugins.autopairs')
014.167  000.215  000.215: require('kickstart.plugins.neo-tree')
014.192  000.015  000.015: require('ffi')
014.243  000.028  000.028: require('vim.fs')
014.498  000.252  000.252: require('vim.uri')
014.506  000.311  000.031: require('vim.loader')
014.871  000.345  000.345: require('lazy.stats')
015.207  000.303  000.303: require('lazy.core.util')
015.636  000.427  000.427: require('lazy.core.config')
016.537  000.476  000.476: require('lazy.core.handler')
017.292  000.275  000.275: require('lazy.pkg')
017.296  000.511  000.235: require('lazy.core.meta')
017.301  000.762  000.252: require('lazy.core.plugin')
017.307  001.668  000.430: require('lazy.core.loader')
017.872  000.259  000.259: require('lazy.core.fragments')
025.165  000.128  000.128: require('lazy.core.handler.cmd')
025.285  000.117  000.117: require('lazy.core.handler.event')
025.405  000.112  000.112: require('lazy.core.handler.keys')
025.500  000.092  000.092: require('lazy.core.handler.ft')
027.258  000.368  000.368: sourcing /opt/homebrew/Cellar/neovim/0.10.4/share/nvim/runtime/filetype.lua
028.753  000.777  000.777: require('snacks')
028.756  000.967  000.190: sourcing /Users/emresin/.local/share/nvim/lazy/snacks.nvim/plugin/snacks.lua
030.183  000.336  000.336: sourcing /Users/emresin/.local/share/nvim/lazy/gruvbox-material/autoload/gruvbox_material.vim
035.010  005.410  005.074: sourcing /Users/emresin/.local/share/nvim/lazy/gruvbox-material/colors/gruvbox-material.vim
035.656  000.612  000.612: require('mini.ai')
038.475  000.081  000.081: require('vim.treesitter.language')
038.664  000.184  000.184: require('vim.func')
038.799  000.132  000.132: require('vim.func._memoize')
038.809  000.633  000.236: require('vim.treesitter.query')
039.266  000.456  000.456: require('vim.treesitter._range')
039.273  001.693  000.604: require('vim.treesitter.languagetree')
039.276  001.879  000.186: require('vim.treesitter')
039.278  002.031  000.153: require('nvim-treesitter.compat')
041.162  001.439  001.439: require('nvim-treesitter.parsers')
041.372  000.208  000.208: require('nvim-treesitter.utils')
041.375  001.925  000.278: require('nvim-treesitter.ts_utils')
041.378  002.099  000.174: require('nvim-treesitter.tsrange')
041.588  000.209  000.209: require('nvim-treesitter.caching')
041.593  004.520  000.181: require('nvim-treesitter.query')
041.600  004.982  000.463: require('nvim-treesitter.configs')
041.601  005.484  000.502: require('nvim-treesitter-textobjects')
042.186  000.177  000.177: require('nvim-treesitter.info')
042.485  000.298  000.298: require('nvim-treesitter.shell_command_selectors')
042.525  000.751  000.276: require('nvim-treesitter.install')
042.658  000.132  000.132: require('nvim-treesitter.statusline')
042.811  000.153  000.153: require('nvim-treesitter.query_predicates')
042.812  001.211  000.175: require('nvim-treesitter')
043.228  000.232  000.232: require('nvim-treesitter.textobjects.shared')
043.230  000.414  000.183: require('nvim-treesitter.textobjects.select')
043.368  000.061  000.061: require('nvim-treesitter.textobjects.attach')
043.439  000.070  000.070: require('nvim-treesitter.textobjects.repeatable_move')
043.442  000.197  000.066: require('nvim-treesitter.textobjects.move')
043.584  000.060  000.060: require('nvim-treesitter.textobjects.swap')
043.681  000.070  000.070: require('nvim-treesitter.textobjects.lsp_interop')
043.698  007.750  000.313: sourcing /Users/emresin/.local/share/nvim/lazy/nvim-treesitter-textobjects/plugin/nvim-treesitter-textobjects.vim
044.344  000.575  000.575: sourcing /Users/emresin/.local/share/nvim/lazy/nvim-treesitter/plugin/nvim-treesitter.lua
045.411  000.253  000.253: require('nvim-treesitter.highlight')
045.861  000.220  000.220: require('nvim-treesitter.locals')
045.864  000.401  000.181: require('nvim-treesitter.incremental_selection')
046.315  000.256  000.256: require('nvim-treesitter.indent')
046.812  000.425  000.425: sourcing /Users/emresin/.local/share/nvim/lazy/vim-sleuth/plugin/sleuth.vim
047.470  000.117  000.117: sourcing /Users/emresin/.local/share/nvim/lazy/nvim-web-devicons/plugin/nvim-web-devicons.vim
048.291  000.182  000.182: require('lualine_require')
048.684  001.168  000.986: require('lualine')
053.736  000.156  000.156: require('lualine.utils.mode')
056.248  000.068  000.068: require('tmux.configuration.logging')
056.364  000.115  000.115: require('tmux.log.severity')
056.366  000.275  000.091: require('tmux.log.channels')
056.368  000.696  000.421: require('tmux.log')
056.465  000.096  000.096: require('tmux.configuration.options')
056.647  000.088  000.088: require('tmux.version')
056.648  000.183  000.094: require('tmux.configuration.validate')
056.756  000.107  000.107: require('tmux.wrapper.tmux')
056.758  001.296  000.214: require('tmux.configuration')
056.973  000.125  000.125: require('tmux.keymaps')
056.980  000.222  000.097: require('tmux.copy')
057.496  000.127  000.127: require('tmux.layout.parse')
057.502  000.303  000.176: require('tmux.layout')
057.632  000.130  000.130: require('tmux.wrapper.nvim')
057.634  000.559  000.127: require('tmux.navigation.navigate')
057.641  000.660  000.101: require('tmux.navigation')
057.839  000.197  000.197: require('tmux.resize')
057.842  002.786  000.411: require('tmux')
057.920  000.077  000.077: require('tmux.log.convert')
063.894  000.112  000.112: require('tmux.version.parse')
065.179  000.077  000.077: require('supermaven-nvim.config')
065.181  000.488  000.411: require('supermaven-nvim.logger')
065.184  000.638  000.151: require('supermaven-nvim.util')
065.186  000.789  000.151: require('supermaven-nvim.completion_preview')
065.544  000.066  000.066: require('supermaven-nvim.textual')
065.612  000.066  000.066: require('supermaven-nvim.binary.binary_fetcher')
065.624  000.307  000.175: require('supermaven-nvim.binary.binary_handler')
065.768  000.144  000.144: require('supermaven-nvim.document_listener')
065.770  000.519  000.069: require('supermaven-nvim.api')
065.771  000.584  000.065: require('supermaven-nvim.commands')
065.772  001.768  000.395: require('supermaven-nvim')
066.883  000.568  000.568: require('vim.filetype')
067.662  000.188  000.188: require('luasnip.util.types')
067.663  000.328  000.140: require('luasnip.util.ext_opts')
068.317  000.060  000.060: require('luasnip.util.lazy_table')
068.400  000.082  000.082: require('luasnip.extras.filetype_functions')
068.405  000.226  000.083: require('luasnip.default_config')
068.406  000.742  000.516: require('luasnip.session')
068.407  001.481  000.411: require('luasnip.config')
068.824  000.191  000.191: require('luasnip.util.util')
069.048  000.046  000.046: require('luasnip.nodes.key_indexer')
069.172  000.124  000.124: require('luasnip.util.feedkeys')
069.174  000.349  000.179: require('luasnip.nodes.util')
069.400  000.056  000.056: require('luasnip.session.snippet_collection.source')
069.454  000.053  000.053: require('luasnip.util.table')
069.500  000.046  000.046: require('luasnip.util.auto_table')
069.503  000.328  000.174: require('luasnip.session.snippet_collection')
069.673  000.060  000.060: require('luasnip.util.select')
069.722  000.048  000.048: require('luasnip.util.time')
069.934  000.382  000.274: require('luasnip.util._builtin_vars')
070.024  000.521  000.139: require('luasnip.util.environ')
070.191  000.167  000.167: require('luasnip.util.extend_decorator')
070.726  000.353  000.353: require('luasnip.util.path')
070.892  000.102  000.102: require('luasnip.util.log')
070.894  000.167  000.066: require('luasnip.loaders.util')
070.950  000.002  000.002: require('vim.F')
070.952  000.057  000.054: require('luasnip.loaders.data')
071.138  000.186  000.186: require('luasnip.loaders.fs_watchers')
071.140  000.948  000.184: require('luasnip.loaders')
071.147  002.736  000.233: require('luasnip')
071.157  005.029  000.244: sourcing /Users/emresin/.local/share/nvim/lazy/LuaSnip/plugin/luasnip.lua
071.297  000.110  000.110: sourcing /Users/emresin/.local/share/nvim/lazy/LuaSnip/plugin/luasnip.vim
072.010  000.072  000.072: require('cmp.utils.api')
072.187  000.123  000.123: require('cmp.types.cmp')
072.545  000.201  000.201: require('cmp.utils.misc')
072.572  000.384  000.183: require('cmp.types.lsp')
072.710  000.138  000.138: require('cmp.types.vim')
072.711  000.701  000.056: require('cmp.types')
072.852  000.140  000.140: require('cmp.utils.highlight')
073.053  000.055  000.055: require('cmp.utils.debug')
073.056  000.203  000.148: require('cmp.utils.autocmd')
073.210  001.391  000.276: sourcing /Users/emresin/.local/share/nvim/lazy/nvim-cmp/plugin/cmp.lua
073.808  000.076  000.076: require('cmp.utils.char')
073.812  000.176  000.100: require('cmp.utils.str')
074.082  000.060  000.060: require('cmp.utils.buffer')
074.086  000.219  000.158: require('cmp.utils.keymap')
074.087  000.275  000.056: require('cmp.utils.feedkeys')
074.297  000.070  000.070: require('cmp.config.mapping')
074.408  000.110  000.110: require('cmp.utils.cache')
074.751  000.203  000.203: require('cmp.config.compare')
074.752  000.342  000.140: require('cmp.config.default')
074.761  000.606  000.084: require('cmp.config')
074.768  000.680  000.074: require('cmp.utils.async')
074.895  000.060  000.060: require('cmp.utils.pattern')
074.901  000.132  000.072: require('cmp.context')
075.486  000.218  000.218: require('cmp.utils.snippet')
075.556  000.069  000.069: require('cmp.matcher')
075.561  000.484  000.198: require('cmp.entry')
075.566  000.664  000.180: require('cmp.source')
075.901  000.162  000.162: require('cmp.utils.event')
076.601  000.269  000.269: require('cmp.utils.options')
076.604  000.516  000.247: require('cmp.utils.window')
076.605  000.703  000.186: require('cmp.view.docs_view')
076.794  000.188  000.188: require('cmp.view.custom_entries_view')
076.927  000.133  000.133: require('cmp.view.wildmenu_entries_view')
077.055  000.128  000.128: require('cmp.view.native_entries_view')
077.247  000.191  000.191: require('cmp.view.ghost_text_view')
077.255  001.689  000.184: require('cmp.view')
077.647  004.240  000.623: require('cmp.core')
077.839  000.101  000.101: require('cmp.config.sources')
077.928  000.088  000.088: require('cmp.config.window')
077.974  004.755  000.325: require('cmp')
079.003  013.202  001.918: require('cmp')
079.183  000.179  000.179: require('supermaven-nvim.cmp')
079.386  000.182  000.182: require('vim.version')
080.238  000.243  000.243: require('vim.iter')
082.157  000.123  000.123: sourcing /Users/emresin/.local/share/nvim/lazy/plenary.nvim/plugin/plenary.vim
082.910  000.215  000.215: require('plenary.bit')
083.261  000.350  000.350: require('plenary.functional')
083.278  000.956  000.391: require('plenary.path')
083.348  001.781  000.702: require('plenary.log')
083.383  002.006  000.226: require('easydirs.init')
084.329  000.204  000.204: require('mason-core.path')
084.824  000.105  000.105: require('mason-core.functional')
084.947  000.056  000.056: require('mason-core.functional.data')
084.950  000.119  000.064: require('mason-core.functional.function')
085.009  000.054  000.054: require('mason-core.functional.relation')
085.092  000.080  000.080: require('mason-core.functional.logic')
085.098  000.768  000.410: require('mason-core.platform')
085.160  000.062  000.062: require('mason.settings')
085.161  001.357  000.323: require('mason')
086.184  000.715  000.715: require('mason-core.functional.list')
086.249  000.063  000.063: require('mason-core.functional.string')
086.262  000.971  000.192: require('mason.api.command')
086.329  000.065  000.065: require('mason-registry.sources')
087.213  000.069  000.069: require('mason-core.log')
087.215  000.124  000.055: require('mason-core.EventEmitter')
087.270  000.055  000.055: require('mason-core.optional')
087.395  000.065  000.065: require('mason-core.async')
087.454  000.059  000.059: require('mason-core.async.uv')
087.458  000.187  000.063: require('mason-core.fs')
087.465  000.459  000.094: require('mason-registry')
087.467  000.852  000.392: require('mason-tool-installer')
087.473  000.903  000.051: sourcing /Users/emresin/.local/share/nvim/lazy/mason-tool-installer.nvim/plugin/mason-tool-installer.lua
088.996  000.073  000.073: require('fidget.spinner.patterns')
088.997  000.136  000.063: require('fidget.spinner')
089.079  000.081  000.081: require('fidget.options')
089.082  000.930  000.714: require('fidget.progress.display')
089.212  000.066  000.066: require('fidget.logger')
089.588  000.121  000.121: require('vim.lsp.log')
090.244  000.654  000.654: require('vim.lsp.protocol')
090.600  000.115  000.115: require('vim.lsp._snippet_grammar')
090.662  000.060  000.060: require('vim.highlight')
090.670  000.425  000.250: require('vim.lsp.util')
090.796  000.062  000.062: require('vim.lsp.sync')
090.799  000.128  000.065: require('vim.lsp._changetracking')
091.001  000.201  000.201: require('vim.lsp.rpc')
091.029  001.816  000.288: require('vim.lsp')
091.213  000.182  000.182: require('vim.lsp.handlers')
091.218  002.135  000.071: require('fidget.progress.lsp')
091.873  000.130  000.130: require('fidget.poll')
091.875  000.321  000.191: require('fidget.notification.model')
093.035  001.159  001.159: require('fidget.notification.window')
093.136  000.101  000.101: require('fidget.notification.view')
093.142  001.741  000.161: require('fidget.notification')
093.144  001.925  000.184: require('fidget.progress.handle')
093.186  005.208  000.218: require('fidget.progress')
093.544  000.357  000.357: require('fidget.commands')
094.047  000.147  000.147: require('fidget.integration.nvim-tree')
094.134  000.086  000.086: require('fidget.integration.xcodebuild-nvim')
094.159  000.590  000.357: require('fidget.integration')
094.186  006.513  000.358: require('fidget')
095.918  000.277  000.277: require('lspconfig.util')
095.929  000.494  000.217: sourcing /Users/emresin/.local/share/nvim/lazy/nvim-lspconfig/plugin/lspconfig.lua
096.272  000.082  000.082: require('cmp_nvim_lsp.source')
096.274  000.248  000.166: require('cmp_nvim_lsp')
096.597  000.064  000.064: require('mason-lspconfig.settings')
096.599  000.154  000.090: require('mason-lspconfig')
097.791  000.177  000.177: require('null-ls.utils.tbl_flatten')
097.802  000.334  000.156: require('null-ls.utils')
098.171  000.367  000.367: require('vim.diagnostic')
098.202  000.947  000.246: require('null-ls.config')
098.550  000.187  000.187: require('null-ls.helpers.cache')
098.978  000.427  000.427: require('null-ls.helpers.check_exit_code')
099.160  000.180  000.180: require('null-ls.helpers.diagnostics')
099.334  000.174  000.174: require('null-ls.helpers.formatter_factory')
099.664  000.148  000.148: require('null-ls.logger')
099.736  000.072  000.072: require('null-ls.state')
099.738  000.403  000.183: require('null-ls.helpers.generator_factory')
100.300  000.366  000.366: require('null-ls.helpers.command_resolver')
100.301  000.563  000.197: require('null-ls.helpers.make_builtin')
100.402  000.100  000.100: require('null-ls.helpers.range_formatting_args_factory')
100.403  002.201  000.166: require('null-ls.helpers')
100.746  000.077  000.077: require('null-ls.methods')
100.749  000.164  000.088: require('null-ls.diagnostics')
100.753  000.350  000.186: require('null-ls.sources')
100.820  000.065  000.065: require('null-ls.builtins')
100.821  003.888  000.325: require('null-ls')
100.959  000.137  000.137: require('null-ls.builtins.formatting.prettierd')
101.148  000.166  000.166: require('null-ls.builtins.formatting.black')
101.826  000.355  000.355: require('null-ls.builtins.diagnostics.eslint')
101.863  000.714  000.359: require('null-ls.builtins.diagnostics.eslint_d')
102.100  000.209  000.209: require('null-ls.builtins.formatting.isort')
102.282  000.181  000.181: require('null-ls.builtins.diagnostics.ruff')
102.431  000.148  000.148: require('null-ls.builtins.formatting.gofmt')
102.711  000.279  000.279: require('null-ls.builtins.formatting.goimports')
102.839  000.127  000.127: require('null-ls.builtins.formatting.clang_format')
103.428  000.238  000.238: require('null-ls.client')
103.575  000.063  000.063: require('mason-null-ls.automatic_setup')
103.576  000.131  000.068: require('mason-null-ls')
103.632  000.055  000.055: require('mason-null-ls.settings')
103.710  000.070  000.070: require('mason-null-ls.ensure_installed')
104.507  000.596  000.596: require('mason-core.result')
105.316  000.534  000.534: require('mason-core.process')
105.613  000.296  000.296: require('mason-core.spawn')
105.617  000.984  000.154: require('mason-core.managers.powershell')
105.779  000.162  000.162: require('mason.version')
105.781  001.274  000.129: require('mason-core.fetch')
105.978  000.196  000.196: require('mason-core.providers')
107.189  000.220  000.220: require('mason-core.functional.table')
107.244  000.641  000.421: require('mason-core.purl')
107.254  001.081  000.441: require('mason-core.package')
107.764  000.164  000.164: require('mason-core.installer.registry.expr')
107.769  000.414  000.250: require('mason-core.installer.registry.link')
109.197  000.297  000.297: require('mason-core.receipt')
109.211  000.546  000.249: require('mason-core.installer.context')
109.381  000.169  000.169: require('mason-core.async.control')
109.876  000.494  000.494: require('mason-core.installer.linker')
109.879  001.529  000.320: require('mason-core.installer')
109.885  001.933  000.404: require('mason-core.installer.managers.std')
109.887  002.117  000.184: require('mason-core.installer.registry.schemas')
109.951  000.064  000.064: require('mason-core.installer.registry.util')
109.989  002.734  000.140: require('mason-core.installer.registry')
109.991  004.012  000.196: require('mason-registry.sources.util')
109.995  006.282  000.205: require('mason-registry.sources.github')
112.420  000.151  000.151: require('mason-null-ls.automatic_installation')
112.595  000.164  000.164: require('mason-null-ls.mappings.source')
114.858  000.171  000.171: require('mason-core.functional.type')
118.139  000.143  000.143: require('mason-core.notify')
118.289  000.149  000.149: require('mason-core.functional.number')
118.302  000.487  000.195: require('mason-null-ls.api.command')
118.304  021.705  008.107: require('mason-null-ls.mappings.source')
118.849  000.202  000.202: require('mason-lspconfig.notify')
118.853  000.350  000.148: require('mason-lspconfig.lspconfig_hook')
119.052  000.199  000.199: require('mason-lspconfig.mappings.server')
119.200  000.146  000.146: require('mason-lspconfig.server_config_extensions')
119.560  000.190  000.190: require('lspconfig.async')
119.561  000.360  000.170: require('lspconfig.configs')
119.771  000.209  000.209: require('lspconfig.configs.omnisharp')
120.147  000.219  000.219: require('mason-lspconfig.api.command')
120.354  000.161  000.161: require('lspconfig')
120.562  000.207  000.207: require('lspconfig.configs.vuels')
121.279  000.211  000.211: require('lspconfig.manager')
121.442  000.155  000.155: require('lspconfig.configs.clangd')
121.853  000.099  000.099: require('lspconfig.configs.ast_grep')
122.211  000.071  000.071: require('lspconfig.configs.pyright')
122.552  000.072  000.072: require('lspconfig.configs.gopls')
123.016  000.193  000.193: require('lspconfig.configs.ruff')
123.481  000.179  000.179: require('lspconfig.configs.lua_ls')
123.989  000.201  000.201: require('lspconfig.configs.volar')
124.394  000.296  000.296: require('mason-lspconfig.server_configurations.volar')
127.101  002.431  002.431: sourcing /Users/emresin/.local/share/nvim/lazy/vim-fugitive/plugin/fugitive.vim
127.323  000.158  000.158: sourcing /Users/emresin/.local/share/nvim/lazy/vim-fugitive/ftdetect/fugitive.vim
128.543  000.330  000.330: require('typescript-tools.config')
128.689  000.144  000.144: require('typescript-tools.protocol.constants')
129.162  000.161  000.161: require('plenary.compat')
129.166  000.362  000.201: require('plenary.job')
129.176  000.429  000.067: require('typescript-tools.tsserver_provider')
129.238  000.062  000.062: require('typescript-tools.process')
129.293  000.054  000.054: require('typescript-tools.request_queue')
129.369  000.076  000.076: require('typescript-tools.protocol.progress')
129.476  000.052  000.052: require('typescript-tools.utils')
129.483  000.113  000.061: require('typescript-tools.protocol.module_mapper')
129.537  000.054  000.054: require('typescript-tools.protocol.pending_diagnostic')
130.673  000.062  000.062: require('plenary.tbl')
130.674  000.140  000.079: require('plenary.vararg.rotate')
130.675  000.790  000.649: require('plenary.vararg')
130.745  000.069  000.069: require('plenary.errors')
130.747  001.029  000.170: require('plenary.async.async')
131.040  000.091  000.091: require('plenary.async.structs')
131.043  000.166  000.074: require('plenary.async.control')
131.046  000.233  000.068: require('plenary.async.util')
131.047  000.298  000.065: require('plenary.async.tests')
131.048  001.453  000.126: require('plenary.async')
131.221  000.173  000.173: require('plenary.async.uv_async')
131.397  000.115  000.115: require('vim.ui')
131.398  000.176  000.061: require('typescript-tools.async')
131.400  001.863  000.061: require('typescript-tools.api')
131.460  000.059  000.059: require('typescript-tools.protocol.utils')
131.462  002.773  000.064: require('typescript-tools.tsserver')
131.633  000.050  000.050: require('typescript-tools.autocommands.common')
131.636  000.112  000.062: require('typescript-tools.autocommands.diagnostics')
131.694  000.057  000.057: require('typescript-tools.autocommands.code_lens')
131.838  000.143  000.143: require('typescript-tools.autocommands.jsx_close_tag')
131.839  000.376  000.063: require('typescript-tools.autocommands')
131.997  000.146  000.146: require('typescript-tools.custom_handlers')
132.135  000.138  000.138: require('typescript-tools.request_router')
132.255  000.061  000.061: require('typescript-tools.integrations')
132.256  000.120  000.059: require('typescript-tools.internal_commands')
132.257  004.239  000.211: require('typescript-tools.rpc')
132.258  004.678  000.439: require('typescript-tools')
132.521  000.150  000.150: sourcing /Users/emresin/.local/share/nvim/lazy/vim-commentary/plugin/commentary.vim
133.288  000.180  000.180: require('lsp-file-operations.log')
133.290  000.527  000.347: require('lsp-file-operations')
134.014  000.159  000.159: sourcing /Users/emresin/.local/share/nvim/lazy/neo-tree.nvim/plugin/neo-tree.vim
134.736  000.175  000.175: require('neo-tree.log')
134.872  000.135  000.135: require('neo-tree.utils.filesize.filesize')
134.881  000.540  000.229: require('neo-tree.utils')
134.882  000.824  000.285: require('neo-tree')
135.759  000.193  000.193: require('neo-tree.defaults')
136.006  000.247  000.247: require('neo-tree.setup.mapping-helper')
136.225  000.054  000.054: require('neo-tree.collections')
136.226  000.117  000.063: require('neo-tree.events.queue')
136.227  000.220  000.104: require('neo-tree.events')
136.398  000.052  000.052: require('neo-tree.sources.filesystem.lib.globtopattern')
136.400  000.172  000.120: require('neo-tree.sources.common.file-nesting')
136.539  000.138  000.138: require('neo-tree.ui.highlights')
137.227  000.057  000.057: require('nui.object')
137.762  000.479  000.479: require('nui.utils')
137.793  000.565  000.086: require('nui.text')
137.795  000.678  000.056: require('nui.line')
137.921  000.057  000.057: require('nui.tree.util')
137.926  000.130  000.074: require('nui.tree')
138.037  000.047  000.047: require('nui.utils.buf_storage')
138.099  000.061  000.061: require('nui.utils.autocmd')
138.155  000.055  000.055: require('nui.utils.keymap')
138.506  000.185  000.185: require('nui.layout.utils')
138.507  000.352  000.167: require('nui.split.utils')
138.534  000.607  000.092: require('nui.split')
139.125  000.165  000.165: require('nui.popup.border')
139.131  000.596  000.431: require('nui.popup')
139.186  000.054  000.054: require('neo-tree.ui.popups')
139.237  000.050  000.050: require('neo-tree.ui.windows')
139.243  002.337  000.221: require('neo-tree.ui.renderer')
139.405  000.161  000.161: require('neo-tree.sources.filesystem.lib.filter_external')
139.567  000.162  000.162: require('neo-tree.sources.common.file-items')
139.877  000.048  000.048: require('neo-tree.git.utils')
139.878  000.202  000.154: require('neo-tree.git.status')
139.931  000.053  000.053: require('neo-tree.git.ignored')
139.933  000.308  000.053: require('neo-tree.git')
139.934  000.366  000.058: require('neo-tree.sources.filesystem.lib.fs_watch')
139.938  003.207  000.181: require('neo-tree.sources.filesystem.lib.fs_scan')
140.046  000.055  000.055: require('nui.input')
140.047  000.109  000.054: require('neo-tree.ui.inputs')
140.052  003.513  000.197: require('neo-tree.sources.manager')
140.337  000.055  000.055: require('neo-tree.command.parser')
140.394  000.056  000.056: require('neo-tree.command.completion')
140.395  000.292  000.181: require('neo-tree.command')
140.396  000.343  000.051: require('neo-tree.setup.netrw')
140.450  000.053  000.053: require('neo-tree.sources.common.hijack_cursor')
140.452  005.569  000.690: require('neo-tree.setup')
140.609  000.057  000.057: require('neo-tree.setup.deprecations')
141.954  000.213  000.213: require('neo-tree.sources.filesystem')
142.195  000.162  000.162: require('neo-tree.sources.buffers.lib.items')
142.197  000.236  000.074: require('neo-tree.sources.buffers')
142.848  000.498  000.498: require('neo-tree.sources.git_status.lib.items')
142.849  000.649  000.150: require('neo-tree.sources.git_status')
143.229  000.062  000.062: require('neo-tree.sources.common.container')
143.231  000.236  000.175: require('neo-tree.sources.common.components')
143.234  000.296  000.059: require('neo-tree.sources.filesystem.components')
144.334  000.630  000.630: require('plenary.scandir')
144.497  000.162  000.162: require('plenary')
144.502  000.990  000.197: require('neo-tree.sources.filesystem.lib.fs_actions')
144.638  000.134  000.134: require('neo-tree.sources.common.help')
144.843  000.204  000.204: require('neo-tree.sources.common.preview')
144.907  000.063  000.063: require('neo-tree.sources.common.node_expander')
144.912  001.613  000.221: require('neo-tree.sources.common.commands')
145.052  000.138  000.138: require('neo-tree.sources.filesystem.lib.filter')
145.081  001.846  000.095: require('neo-tree.sources.filesystem.commands')
145.250  000.064  000.064: require('neo-tree.sources.git_status.components')
145.310  000.060  000.060: require('neo-tree.sources.git_status.commands')
145.411  000.053  000.053: require('neo-tree.sources.buffers.components')
145.471  000.059  000.059: require('neo-tree.sources.buffers.commands')
145.903  012.466  002.381: require('neo-tree.events')
146.716  000.061  000.061: require('gitsigns.async')
146.782  000.065  000.065: require('gitsigns.debug.log')
146.962  000.179  000.179: require('gitsigns.config')
146.964  000.682  000.377: require('gitsigns')
147.301  000.234  000.234: require('gitsigns.highlight')
147.594  000.137  000.137: require('gitsigns.debounce')
148.194  000.138  000.138: require('treesitter-context.config')
148.200  000.410  000.272: require('treesitter-context')
148.222  000.558  000.148: sourcing /Users/emresin/.local/share/nvim/lazy/nvim-treesitter-context/plugin/treesitter-context.lua
148.609  000.195  000.195: require('vim.treesitter.highlighter')
148.741  000.132  000.132: require('treesitter-context.util')
148.744  000.457  000.130: require('treesitter-context.render')
149.715  000.190  000.190: require('ibl.utils')
149.717  000.370  000.180: require('ibl.config')
149.933  000.109  000.109: require('ibl.indent')
149.935  000.217  000.108: require('ibl.hooks')
149.936  000.718  000.131: require('ibl.highlights')
150.093  000.157  000.157: require('ibl.autocmds')
150.145  000.051  000.051: require('ibl.inlay_hints')
150.274  000.128  000.128: require('ibl.virt_text')
150.602  000.198  000.198: require('ibl.scope_languages')
150.603  000.329  000.131: require('ibl.scope')
150.607  001.751  000.368: require('ibl')
150.896  000.133  000.133: sourcing /opt/homebrew/Cellar/neovim/0.10.4/share/nvim/runtime/plugin/editorconfig.lua
151.102  000.166  000.166: sourcing /opt/homebrew/Cellar/neovim/0.10.4/share/nvim/runtime/plugin/gzip.vim
151.279  000.141  000.141: sourcing /opt/homebrew/Cellar/neovim/0.10.4/share/nvim/runtime/plugin/man.lua
152.036  000.242  000.242: sourcing /opt/homebrew/Cellar/neovim/0.10.4/share/nvim/runtime/pack/dist/opt/matchit/plugin/matchit.vim
152.043  000.737  000.495: sourcing /opt/homebrew/Cellar/neovim/0.10.4/share/nvim/runtime/plugin/matchit.vim
152.316  000.245  000.245: sourcing /opt/homebrew/Cellar/neovim/0.10.4/share/nvim/runtime/plugin/matchparen.vim
152.519  000.176  000.176: sourcing /opt/homebrew/Cellar/neovim/0.10.4/share/nvim/runtime/plugin/netrwPlugin.vim
152.677  000.131  000.131: sourcing /opt/homebrew/Cellar/neovim/0.10.4/share/nvim/runtime/plugin/osc52.lua
152.839  000.135  000.135: sourcing /opt/homebrew/Cellar/neovim/0.10.4/share/nvim/runtime/plugin/rplugin.vim
152.985  000.116  000.116: sourcing /opt/homebrew/Cellar/neovim/0.10.4/share/nvim/runtime/plugin/shada.vim
153.154  000.137  000.137: sourcing /opt/homebrew/Cellar/neovim/0.10.4/share/nvim/runtime/plugin/spellfile.vim
153.240  000.053  000.053: sourcing /opt/homebrew/Cellar/neovim/0.10.4/share/nvim/runtime/plugin/tarPlugin.vim
153.431  000.163  000.163: sourcing /opt/homebrew/Cellar/neovim/0.10.4/share/nvim/runtime/plugin/tohtml.lua
153.482  000.021  000.021: sourcing /opt/homebrew/Cellar/neovim/0.10.4/share/nvim/runtime/plugin/tutor.vim
153.570  000.060  000.060: sourcing /opt/homebrew/Cellar/neovim/0.10.4/share/nvim/runtime/plugin/zipPlugin.vim
153.742  000.050  000.050: sourcing /Users/emresin/.local/share/nvim/lazy/indent-blankline.nvim/after/plugin/commands.lua
154.812  000.859  000.859: require('cmp_path')
154.860  001.068  000.209: sourcing /Users/emresin/.local/share/nvim/lazy/cmp-path/after/plugin/cmp_path.lua
155.066  000.153  000.153: sourcing /Users/emresin/.local/share/nvim/lazy/cmp-nvim-lsp/after/plugin/cmp_nvim_lsp.lua
155.475  000.180  000.180: require('cmp_luasnip')
155.499  000.375  000.195: sourcing /Users/emresin/.local/share/nvim/lazy/cmp_luasnip/after/plugin/cmp_luasnip.lua
155.518  146.532  035.254: require('lazy-plugins')
155.519  149.030  000.226: sourcing /Users/emresin/.config/nvim/init.lua
155.525  000.750: sourcing vimrc file(s)
155.841  000.022  000.022: sourcing /opt/homebrew/Cellar/neovim/0.10.4/share/nvim/runtime/filetype.lua
156.248  000.128  000.128: sourcing /opt/homebrew/Cellar/neovim/0.10.4/share/nvim/runtime/syntax/synload.vim
156.280  000.382  000.255: sourcing /opt/homebrew/Cellar/neovim/0.10.4/share/nvim/runtime/syntax/syntax.vim
156.285  000.355: inits 3
157.508  001.224: reading ShaDa
157.989  000.180  000.180: require('luasnip.util.directed_graph')
158.174  000.184  000.184: require('luasnip.session.enqueueable_operations')
158.177  000.646  000.281: require('luasnip.loaders.from_lua')
159.645  000.056  000.056: require('luasnip.util.events')
159.650  000.253  000.197: require('luasnip.nodes.node')
159.820  000.169  000.169: require('luasnip.nodes.insertNode')
159.990  000.170  000.170: require('luasnip.nodes.textNode')
160.172  000.181  000.181: require('luasnip.util.mark')
160.353  000.179  000.179: require('luasnip.util.pattern_tokenizer')
160.813  000.459  000.459: require('luasnip.util.dict')
161.622  000.020  000.020: require('jsregexp.core')
161.624  000.227  000.207: require('luasnip-jsregexp')
161.625  000.616  000.388: require('luasnip.util.jsregexp')
161.627  000.813  000.197: require('luasnip.nodes.util.trig_engines')
161.648  002.500  000.276: require('luasnip.nodes.snippet')
161.650  002.598  000.098: require('luasnip.nodes.duplicate')
161.651  002.665  000.067: require('luasnip.loaders.snippet_cache')
161.656  003.477  000.812: require('luasnip.loaders.from_snipmate')
162.160  000.074  000.074: require('luasnip.util.parser.neovim_ast')
162.339  000.178  000.178: require('luasnip.util.str')
162.343  000.342  000.090: require('luasnip.util.parser.ast_utils')
162.418  000.074  000.074: require('luasnip.nodes.functionNode')
162.624  000.205  000.205: require('luasnip.nodes.choiceNode')
162.824  000.199  000.199: require('luasnip.nodes.dynamicNode')
162.880  000.055  000.055: require('luasnip.util.functions')
162.884  000.958  000.082: require('luasnip.util.parser.ast_parser')
163.053  000.169  000.169: require('luasnip.util.parser.neovim_parser')
163.056  001.205  000.078: require('luasnip.util.parser')
163.122  000.065  000.065: require('luasnip.nodes.snippetProxy')
163.339  000.216  000.216: require('luasnip.util.jsonc')
163.344  001.687  000.201: require('luasnip.loaders.from_vscode')
163.478  000.160: opening buffers
164.759  001.281: BufEnter autocommands
164.760  000.001: editing files in windows
165.611  000.313  000.313: sourcing /Users/emresin/.local/share/nvim/lazy/telescope.nvim/plugin/telescope.lua
166.168  000.098  000.098: require('telescope._extensions')
166.170  000.543  000.446: require('telescope')
166.255  000.084  000.084: require('telescope.themes')
166.695  000.195  000.195: require('plenary.strings')
166.845  000.150  000.150: require('telescope.deprecated')
167.390  000.151  000.151: require('telescope.log')
168.024  000.183  000.183: require('telescope.state')
168.034  000.642  000.459: require('telescope.utils')
168.038  001.192  000.399: require('telescope.sorters')
168.973  002.708  001.171: require('telescope.config')
170.175  000.316  000.316: require('fzf_lib')
170.177  000.788  000.472: require('telescope._extensions.fzf')
170.392  000.211  000.211: require('telescope._extensions.ui-select')
171.375  000.194  000.194: require('plenary.window.border')
171.752  000.376  000.376: require('plenary.window')
171.906  000.154  000.154: require('plenary.popup.utils')
171.909  000.959  000.234: require('plenary.popup')
172.625  000.255  000.255: require('telescope.pickers.scroller')
172.706  000.080  000.080: require('telescope.actions.state')
172.785  000.079  000.079: require('telescope.actions.utils')
173.037  000.179  000.179: require('telescope.actions.mt')
173.048  000.262  000.083: require('telescope.actions.set')
173.877  000.638  000.638: require('telescope.config.resolve')
173.879  000.830  000.192: require('telescope.pickers.entry_display')
173.966  000.087  000.087: require('telescope.from_entry')
174.165  002.256  000.663: require('telescope.actions')
174.316  000.150  000.150: require('telescope.debounce')
175.145  000.827  000.827: require('telescope.mappings')
175.240  000.094  000.094: require('telescope.pickers.highlights')
175.315  000.074  000.074: require('telescope.pickers.window')
175.501  000.090  000.090: require('telescope.algos.linked_list')
175.504  000.187  000.097: require('telescope.entry_manager')
175.574  000.069  000.069: require('telescope.pickers.multi')
175.583  005.190  000.573: require('telescope.pickers')
176.247  000.458  000.458: require('telescope.make_entry')
176.332  000.084  000.084: require('telescope.finders.async_static_finder')
176.899  000.230  000.230: require('plenary.class')
176.916  000.389  000.159: require('telescope._')
176.920  000.587  000.199: require('telescope.finders.async_oneshot_finder')
177.151  000.231  000.231: require('telescope.finders.async_job_finder')
177.166  001.582  000.222: require('telescope.finders')
177.785  000.605  000.605: require('telescope.builtin')
178.305  000.223  000.223: sourcing /Users/emresin/.local/share/nvim/lazy/which-key.nvim/plugin/which-key.lua
178.838  000.472  000.472: require('which-key')
179.180  000.341  000.341: require('which-key.config')
179.584  000.149  000.149: sourcing /Users/emresin/.local/share/nvim/lazy/todo-comments.nvim/plugin/todo.vim
180.513  000.154  000.154: require('todo-comments.util')
180.526  000.434  000.280: require('todo-comments.config')
180.955  000.337  000.337: require('todo-comments.highlight')
180.963  000.436  000.099: require('todo-comments.jump')
180.964  001.328  000.458: require('todo-comments')
181.393  000.239  000.239: require('snacks.picker')
181.956  000.561  000.561: require('snacks.picker.config.sources')
182.086  000.130  000.130: require('todo-comments.snacks')
248.311  068.084: VimEnter autocommands
249.715  000.318  000.318: require('snacks.util')
249.737  001.392  001.074: require('snacks.dashboard')
250.983  001.280: UIEnter autocommands
250.984  000.001: before starting main loop
251.409  000.425: first screen update
251.410  000.001: --- NVIM STARTED ---

