--- Startup times for process: Primary/TUI ---

times in msec
 clock   self+sourced   self:  sourced script
 clock   elapsed:              other lines

000.001  000.001: --- NVIM STARTING ---
000.168  000.167: event init
000.379  000.211: early init
000.889  000.510: locale set
000.957  000.068: init first window
001.418  000.461: inits 1
001.433  000.015: window checked
001.437  000.004: parsing arguments
002.011  000.032  000.032: require('vim.shared')
002.081  000.036  000.036: require('vim.inspect')
002.121  000.030  000.030: require('vim._options')
002.123  000.110  000.044: require('vim._editor')
002.124  000.178  000.037: require('vim._init_packages')
002.128  000.513: init lua interpreter
002.770  000.642: --- NVIM STARTED ---

--- Startup times for process: Embedded ---

times in msec
 clock   self+sourced   self:  sourced script
 clock   elapsed:              other lines

000.000  000.000: --- NVIM STARTING ---
000.114  000.114: event init
000.260  000.145: early init
000.638  000.378: locale set
000.687  000.049: init first window
001.018  000.331: inits 1
001.038  000.019: window checked
001.042  000.004: parsing arguments
001.557  000.037  000.037: require('vim.shared')
001.643  000.044  000.044: require('vim.inspect')
001.692  000.037  000.037: require('vim._options')
001.694  000.132  000.051: require('vim._editor')
001.696  000.208  000.038: require('vim._init_packages')
001.698  000.449: init lua interpreter
004.093  002.396: expanding arguments
004.112  000.018: inits 2
004.423  000.312: init highlight
004.425  000.001: waiting for UI
004.575  000.150: done waiting for UI
004.582  000.007: clear screen
004.688  000.014  000.014: require('vim.keymap')
005.414  000.828  000.815: require('vim._defaults')
005.416  000.005: init default mappings & autocommands
006.049  000.058  000.058: sourcing /opt/homebrew/Cellar/neovim/0.10.4/share/nvim/runtime/ftplugin.vim
006.153  000.031  000.031: sourcing /opt/homebrew/Cellar/neovim/0.10.4/share/nvim/runtime/indent.vim
006.633  000.292  000.292: require('options')
007.694  001.059  001.059: require('keymaps')
007.925  000.230  000.230: require('lazy-bootstrap')
008.596  000.176  000.176: require('lazy')
008.733  000.135  000.135: require('kickstart/plugins/gitsigns')
008.839  000.104  000.104: require('kickstart/plugins/which-key')
008.973  000.133  000.133: require('kickstart/plugins/telescope')
009.194  000.220  000.220: require('kickstart/plugins/lspconfig')
009.291  000.096  000.096: require('kickstart/plugins/conform')
009.482  000.190  000.190: require('kickstart/plugins/cmp')
009.555  000.071  000.071: require('kickstart/plugins/tokyonight')
009.628  000.071  000.071: require('kickstart/plugins/todo-comments')
009.710  000.081  000.081: require('kickstart/plugins/mini')
009.842  000.130  000.130: require('kickstart/plugins/treesitter')
009.912  000.069  000.069: require('kickstart.plugins.indent_line')
010.005  000.092  000.092: require('kickstart.plugins.lint')
010.079  000.073  000.073: require('kickstart.plugins.autopairs')
010.155  000.075  000.075: require('kickstart.plugins.neo-tree')
010.182  000.016  000.016: require('ffi')
010.235  000.029  000.029: require('vim.fs')
010.401  000.162  000.162: require('vim.uri')
010.410  000.226  000.036: require('vim.loader')
010.738  000.305  000.305: require('lazy.stats')
010.952  000.178  000.178: require('lazy.core.util')
011.133  000.180  000.180: require('lazy.core.config')
011.592  000.316  000.316: require('lazy.core.handler')
011.978  000.157  000.157: require('lazy.pkg')
011.982  000.252  000.095: require('lazy.core.meta')
011.988  000.395  000.142: require('lazy.core.plugin')
011.995  000.860  000.149: require('lazy.core.loader')
012.597  000.139  000.139: require('lazy.core.fragments')
017.458  000.155  000.155: require('lazy.core.handler.cmd')
017.706  000.109  000.109: require('lazy.core.handler.event')
017.708  000.248  000.139: require('lazy.core.handler.ft')
017.813  000.101  000.101: require('lazy.core.handler.keys')
019.581  000.193  000.193: sourcing /opt/homebrew/Cellar/neovim/0.10.4/share/nvim/runtime/filetype.lua
020.545  000.113  000.113: sourcing /Users/emresin/.local/share/nvim/lazy/gruvbox-material/autoload/gruvbox_material.vim
025.896  005.518  005.406: sourcing /Users/emresin/.local/share/nvim/lazy/gruvbox-material/colors/gruvbox-material.vim
026.796  000.703  000.703: require('snacks')
026.797  000.751  000.048: sourcing /Users/emresin/.local/share/nvim/lazy/snacks.nvim/plugin/snacks.lua
027.148  000.018  000.018: sourcing /Users/emresin/.local/share/nvim/lazy/plenary.nvim/plugin/plenary.vim
027.895  000.082  000.082: require('mason-core.path')
028.113  000.148  000.148: require('mason-core.functional')
028.279  000.070  000.070: require('mason-core.functional.data')
028.283  000.160  000.090: require('mason-core.functional.function')
028.368  000.079  000.079: require('mason-core.functional.relation')
028.462  000.055  000.055: require('mason-core.functional.logic')
028.504  000.608  000.165: require('mason-core.platform')
028.576  000.070  000.070: require('mason.settings')
028.577  001.159  000.399: require('mason')
028.785  000.060  000.060: require('mason-core.functional.list')
028.878  000.091  000.091: require('mason-core.functional.string')
028.890  000.234  000.083: require('mason.api.command')
028.989  000.096  000.096: require('mason-registry.sources')
030.047  000.107  000.107: require('mason-core.log')
030.049  000.173  000.066: require('mason-core.EventEmitter')
030.107  000.056  000.056: require('mason-core.optional')
030.257  000.097  000.097: require('mason-core.async')
030.352  000.093  000.093: require('mason-core.async.uv')
030.355  000.247  000.057: require('mason-core.fs')
030.364  000.638  000.161: require('mason-registry')
030.368  001.116  000.479: require('mason-tool-installer')
030.374  001.159  000.043: sourcing /Users/emresin/.local/share/nvim/lazy/mason-tool-installer.nvim/plugin/mason-tool-installer.lua
031.095  000.085  000.085: require('fidget.spinner.patterns')
031.097  000.145  000.060: require('fidget.spinner')
031.158  000.059  000.059: require('fidget.options')
031.164  000.294  000.090: require('fidget.progress.display')
031.302  000.072  000.072: require('fidget.logger')
031.564  000.151  000.151: require('vim.lsp.log')
032.050  000.484  000.484: require('vim.lsp.protocol')
032.694  000.470  000.470: require('vim.lsp._snippet_grammar')
032.790  000.095  000.095: require('vim.highlight')
032.795  000.003  000.003: require('vim.F')
032.806  000.754  000.187: require('vim.lsp.util')
032.927  000.055  000.055: require('vim.lsp.sync')
032.930  000.123  000.069: require('vim.lsp._changetracking')
033.024  000.092  000.092: require('vim.lsp.rpc')
033.062  001.759  000.154: require('vim.lsp')
033.213  000.149  000.149: require('vim.lsp.handlers')
033.217  002.052  000.071: require('fidget.progress.lsp')
033.485  000.076  000.076: require('fidget.poll')
033.488  000.130  000.054: require('fidget.notification.model')
033.565  000.076  000.076: require('fidget.notification.window')
033.630  000.064  000.064: require('fidget.notification.view')
033.636  000.334  000.063: require('fidget.notification')
033.638  000.420  000.087: require('fidget.progress.handle')
033.643  002.832  000.066: require('fidget.progress')
033.719  000.075  000.075: require('fidget.commands')
033.829  000.048  000.048: require('fidget.integration.nvim-tree')
033.914  000.084  000.084: require('fidget.integration.xcodebuild-nvim')
033.945  000.225  000.093: require('fidget.integration')
033.948  003.353  000.221: require('fidget')
035.720  000.116  000.116: require('lspconfig.util')
035.729  000.166  000.049: sourcing /Users/emresin/.local/share/nvim/lazy/nvim-lspconfig/plugin/lspconfig.lua
036.057  000.049  000.049: require('cmp_nvim_lsp.source')
036.059  000.294  000.244: require('cmp_nvim_lsp')
036.299  000.046  000.046: require('mason-lspconfig.settings')
036.301  000.109  000.063: require('mason-lspconfig')
036.976  000.047  000.047: require('null-ls.utils.tbl_flatten')
036.984  000.141  000.094: require('null-ls.utils')
037.126  000.140  000.140: require('vim.diagnostic')
037.171  000.376  000.095: require('null-ls.config')
037.282  000.056  000.056: require('null-ls.helpers.cache')
037.337  000.054  000.054: require('null-ls.helpers.check_exit_code')
037.411  000.073  000.073: require('null-ls.helpers.diagnostics')
037.462  000.050  000.050: require('null-ls.helpers.formatter_factory')
037.609  000.068  000.068: require('null-ls.logger')
037.672  000.062  000.062: require('null-ls.state')
037.674  000.212  000.082: require('null-ls.helpers.generator_factory')
037.796  000.062  000.062: require('null-ls.helpers.command_resolver')
037.797  000.122  000.061: require('null-ls.helpers.make_builtin')
037.859  000.061  000.061: require('null-ls.helpers.range_formatting_args_factory')
037.860  000.688  000.060: require('null-ls.helpers')
038.109  000.081  000.081: require('null-ls.methods')
038.112  000.158  000.078: require('null-ls.diagnostics')
038.118  000.230  000.071: require('null-ls.sources')
038.173  000.053  000.053: require('null-ls.builtins')
038.175  001.547  000.200: require('null-ls')
038.251  000.075  000.075: require('null-ls.builtins.formatting.prettierd')
038.353  000.059  000.059: require('null-ls.builtins.formatting.black')
038.871  000.278  000.278: require('null-ls.builtins.diagnostics.eslint')
038.930  000.576  000.297: require('null-ls.builtins.diagnostics.eslint_d')
039.029  000.073  000.073: require('null-ls.builtins.formatting.isort')
039.108  000.078  000.078: require('null-ls.builtins.diagnostics.ruff')
039.163  000.053  000.053: require('null-ls.builtins.formatting.gofmt')
039.223  000.059  000.059: require('null-ls.builtins.formatting.goimports')
039.330  000.106  000.106: require('null-ls.builtins.formatting.clang_format')
040.207  000.170  000.170: require('null-ls.client')
040.512  000.121  000.121: require('mason-null-ls.automatic_setup')
040.514  000.274  000.153: require('mason-null-ls')
040.617  000.102  000.102: require('mason-null-ls.settings')
040.706  000.076  000.076: require('mason-null-ls.ensure_installed')
040.856  000.069  000.069: require('mason-core.result')
041.028  000.067  000.067: require('mason-core.process')
041.091  000.062  000.062: require('mason-core.spawn')
041.093  000.190  000.061: require('mason-core.managers.powershell')
041.135  000.041  000.041: require('mason.version')
041.137  000.280  000.049: require('mason-core.fetch')
041.231  000.093  000.093: require('mason-core.providers')
041.435  000.045  000.045: require('mason-core.functional.table')
041.455  000.122  000.077: require('mason-core.purl')
041.461  000.187  000.065: require('mason-core.package')
041.653  000.051  000.051: require('mason-core.installer.registry.expr')
041.657  000.142  000.091: require('mason-core.installer.registry.link')
041.913  000.047  000.047: require('mason-core.receipt')
041.925  000.114  000.067: require('mason-core.installer.context')
041.972  000.046  000.046: require('mason-core.async.control')
042.019  000.046  000.046: require('mason-core.installer.linker')
042.021  000.266  000.060: require('mason-core.installer')
042.028  000.326  000.060: require('mason-core.installer.managers.std')
042.029  000.371  000.045: require('mason-core.installer.registry.schemas')
042.073  000.043  000.043: require('mason-core.installer.registry.util')
042.077  000.616  000.059: require('mason-core.installer.registry')
042.079  000.847  000.045: require('mason-registry.sources.util')
042.083  001.372  000.083: require('mason-registry.sources.github')
044.682  000.045  000.045: require('mason-null-ls.automatic_installation')
044.754  000.045  000.045: require('mason-null-ls.mappings.source')
047.082  000.053  000.053: require('mason-core.functional.type')
051.443  000.053  000.053: require('mason-core.notify')
051.487  000.042  000.042: require('mason-core.functional.number')
051.502  000.192  000.096: require('mason-null-ls.api.command')
051.532  015.230  010.275: require('mason-null-ls.mappings.source')
051.825  000.038  000.038: require('mason-lspconfig.notify')
051.828  000.086  000.048: require('mason-lspconfig.lspconfig_hook')
051.903  000.075  000.075: require('mason-lspconfig.mappings.server')
051.944  000.040  000.040: require('mason-lspconfig.server_config_extensions')
052.026  000.037  000.037: require('lspconfig.async')
052.027  000.082  000.046: require('lspconfig.configs')
052.074  000.046  000.046: require('lspconfig.configs.omnisharp')
052.233  000.055  000.055: require('mason-lspconfig.api.command')
052.309  000.056  000.056: require('lspconfig')
052.355  000.045  000.045: require('lspconfig.configs.clangd')
052.972  000.077  000.077: require('lspconfig.manager')
053.019  000.040  000.040: require('lspconfig.configs.gopls')
053.374  000.044  000.044: require('lspconfig.configs.pyright')
053.730  000.067  000.067: require('lspconfig.configs.ast_grep')
054.083  000.068  000.068: require('lspconfig.configs.lua_ls')
054.333  000.045  000.045: require('lspconfig.configs.vuels')
054.626  000.037  000.037: require('lspconfig.configs.ruff')
054.945  000.055  000.055: require('lspconfig.configs.volar')
055.048  000.039  000.039: require('mason-lspconfig.server_configurations.volar')
055.358  000.044  000.044: require('typescript-tools.config')
055.420  000.062  000.062: require('typescript-tools.protocol.constants')
055.665  000.064  000.064: require('plenary.bit')
055.714  000.049  000.049: require('plenary.functional')
055.733  000.193  000.080: require('plenary.path')
055.844  000.051  000.051: require('plenary.compat')
055.848  000.115  000.064: require('plenary.job')
055.856  000.389  000.081: require('typescript-tools.tsserver_provider')
055.942  000.085  000.085: require('typescript-tools.process')
055.986  000.043  000.043: require('typescript-tools.request_queue')
056.028  000.041  000.041: require('typescript-tools.protocol.progress')
056.113  000.045  000.045: require('typescript-tools.utils')
056.116  000.088  000.043: require('typescript-tools.protocol.module_mapper')
056.158  000.042  000.042: require('typescript-tools.protocol.pending_diagnostic')
056.419  000.042  000.042: require('plenary.tbl')
056.421  000.081  000.039: require('plenary.vararg.rotate')
056.422  000.121  000.039: require('plenary.vararg')
056.464  000.042  000.042: require('plenary.errors')
056.466  000.210  000.048: require('plenary.async.async')
056.644  000.047  000.047: require('plenary.async.structs')
056.648  000.099  000.052: require('plenary.async.control')
056.651  000.143  000.043: require('plenary.async.util')
056.652  000.185  000.043: require('plenary.async.tests')
056.653  000.445  000.050: require('plenary.async')
056.744  000.090  000.090: require('plenary.async.uv_async')
056.830  000.045  000.045: require('vim.ui')
056.832  000.087  000.042: require('typescript-tools.async')
056.834  000.675  000.053: require('typescript-tools.api')
056.896  000.061  000.061: require('typescript-tools.protocol.utils')
056.898  001.477  000.053: require('typescript-tools.tsserver')
057.034  000.044  000.044: require('typescript-tools.autocommands.common')
057.037  000.093  000.049: require('typescript-tools.autocommands.diagnostics')
057.085  000.047  000.047: require('typescript-tools.autocommands.code_lens')
057.167  000.081  000.081: require('typescript-tools.autocommands.jsx_close_tag')
057.168  000.269  000.048: require('typescript-tools.autocommands')
057.214  000.046  000.046: require('typescript-tools.custom_handlers')
057.260  000.045  000.045: require('typescript-tools.request_router')
057.350  000.044  000.044: require('typescript-tools.integrations')
057.352  000.092  000.047: require('typescript-tools.internal_commands')
057.353  002.078  000.044: require('typescript-tools.rpc')
057.354  002.120  000.042: require('typescript-tools')
057.819  000.371  000.371: require('mini.ai')
058.541  000.074  000.074: require('ibl.utils')
058.544  000.147  000.072: require('ibl.config')
058.650  000.055  000.055: require('ibl.indent')
058.653  000.108  000.053: require('ibl.hooks')
058.654  000.314  000.059: require('ibl.highlights')
058.696  000.042  000.042: require('ibl.autocmds')
058.752  000.055  000.055: require('ibl.inlay_hints')
058.807  000.055  000.055: require('ibl.virt_text')
058.993  000.140  000.140: require('ibl.scope_languages')
058.994  000.187  000.047: require('ibl.scope')
058.998  000.849  000.198: require('ibl')
059.076  000.071  000.071: require('vim.iter')
059.687  000.098  000.098: require('tmux.configuration.logging')
059.770  000.083  000.083: require('tmux.log.severity')
059.776  000.261  000.080: require('tmux.log.channels')
059.777  000.339  000.079: require('tmux.log')
059.861  000.084  000.084: require('tmux.configuration.options')
060.012  000.077  000.077: require('tmux.version')
060.013  000.151  000.075: require('tmux.configuration.validate')
060.129  000.116  000.116: require('tmux.wrapper.tmux')
060.130  000.783  000.093: require('tmux.configuration')
060.319  000.102  000.102: require('tmux.keymaps')
060.328  000.197  000.094: require('tmux.copy')
060.831  000.134  000.134: require('tmux.layout.parse')
060.832  000.261  000.126: require('tmux.layout')
060.928  000.095  000.095: require('tmux.wrapper.nvim')
060.929  000.477  000.121: require('tmux.navigation.navigate')
060.932  000.583  000.106: require('tmux.navigation')
060.993  000.061  000.061: require('tmux.resize')
060.995  001.810  000.187: require('tmux')
061.049  000.051  000.051: require('tmux.log.convert')
066.444  000.105  000.105: require('tmux.version.parse')
066.768  000.015  000.015: sourcing /Users/emresin/.local/share/nvim/lazy/nvim-web-devicons/plugin/nvim-web-devicons.vim
067.053  000.054  000.054: require('lualine_require')
067.205  000.398  000.344: require('lualine')
069.916  000.042  000.042: require('lualine.utils.mode')
070.262  000.063  000.063: require('plenary.log')
070.269  000.104  000.041: require('lsp-file-operations.log')
070.270  000.284  000.180: require('lsp-file-operations')
070.759  000.019  000.019: sourcing /Users/emresin/.local/share/nvim/lazy/neo-tree.nvim/plugin/neo-tree.vim
071.072  000.045  000.045: require('neo-tree.log')
071.110  000.037  000.037: require('neo-tree.utils.filesize.filesize')
071.118  000.153  000.071: require('neo-tree.utils')
071.120  000.330  000.177: require('neo-tree')
071.247  000.072  000.072: require('neo-tree.defaults')
071.289  000.042  000.042: require('neo-tree.setup.mapping-helper')
071.398  000.035  000.035: require('neo-tree.collections')
071.399  000.071  000.037: require('neo-tree.events.queue')
071.404  000.114  000.043: require('neo-tree.events')
071.479  000.036  000.036: require('neo-tree.sources.filesystem.lib.globtopattern')
071.481  000.076  000.041: require('neo-tree.sources.common.file-nesting')
071.527  000.045  000.045: require('neo-tree.ui.highlights')
071.763  000.038  000.038: require('nui.object')
071.879  000.041  000.041: require('vim.version')
072.409  000.611  000.570: require('nui.utils')
072.413  000.649  000.038: require('nui.text')
072.415  000.726  000.039: require('nui.line')
072.493  000.033  000.033: require('nui.tree.util')
072.497  000.081  000.048: require('nui.tree')
072.572  000.033  000.033: require('nui.utils.buf_storage')
072.760  000.188  000.188: require('nui.utils.autocmd')
072.796  000.036  000.036: require('nui.utils.keymap')
072.867  000.035  000.035: require('nui.layout.utils')
072.868  000.071  000.036: require('nui.split.utils')
072.872  000.375  000.048: require('nui.split')
072.974  000.059  000.059: require('nui.popup.border')
072.979  000.106  000.046: require('nui.popup')
073.016  000.036  000.036: require('neo-tree.ui.popups')
073.049  000.032  000.032: require('neo-tree.ui.windows')
073.055  001.429  000.073: require('neo-tree.ui.renderer')
073.098  000.042  000.042: require('neo-tree.sources.filesystem.lib.filter_external')
073.136  000.037  000.037: require('neo-tree.sources.common.file-items')
073.283  000.032  000.032: require('neo-tree.git.utils')
073.284  000.078  000.046: require('neo-tree.git.status')
073.319  000.034  000.034: require('neo-tree.git.ignored')
073.319  000.146  000.034: require('neo-tree.git')
073.321  000.185  000.038: require('neo-tree.sources.filesystem.lib.fs_watch')
073.324  001.749  000.056: require('neo-tree.sources.filesystem.lib.fs_scan')
073.412  000.053  000.053: require('nui.input')
073.413  000.088  000.035: require('neo-tree.ui.inputs')
073.418  001.891  000.053: require('neo-tree.sources.manager')
073.524  000.035  000.035: require('neo-tree.command.parser')
073.558  000.033  000.033: require('neo-tree.command.completion')
073.559  000.105  000.037: require('neo-tree.command')
073.560  000.140  000.035: require('neo-tree.setup.netrw')
073.593  000.033  000.033: require('neo-tree.sources.common.hijack_cursor')
073.595  002.475  000.061: require('neo-tree.setup')
073.764  000.044  000.044: require('neo-tree.setup.deprecations')
074.914  000.049  000.049: require('neo-tree.sources.filesystem')
074.988  000.035  000.035: require('neo-tree.sources.buffers.lib.items')
074.990  000.075  000.040: require('neo-tree.sources.buffers')
075.064  000.034  000.034: require('neo-tree.sources.git_status.lib.items')
075.065  000.073  000.040: require('neo-tree.sources.git_status')
075.215  000.037  000.037: require('neo-tree.sources.common.container')
075.218  000.082  000.045: require('neo-tree.sources.common.components')
075.221  000.119  000.038: require('neo-tree.sources.filesystem.components')
075.943  000.587  000.587: require('plenary.scandir')
075.979  000.035  000.035: require('plenary')
075.983  000.670  000.049: require('neo-tree.sources.filesystem.lib.fs_actions')
076.021  000.037  000.037: require('neo-tree.sources.common.help')
076.068  000.047  000.047: require('neo-tree.sources.common.preview')
076.103  000.034  000.034: require('neo-tree.sources.common.node_expander')
076.110  000.850  000.061: require('neo-tree.sources.common.commands')
076.154  000.044  000.044: require('neo-tree.sources.filesystem.lib.filter')
076.187  000.965  000.071: require('neo-tree.sources.filesystem.commands')
076.304  000.042  000.042: require('neo-tree.sources.buffers.components')
076.357  000.052  000.052: require('neo-tree.sources.buffers.commands')
076.440  000.043  000.043: require('neo-tree.sources.git_status.components')
076.485  000.044  000.044: require('neo-tree.sources.git_status.commands')
077.084  006.659  002.328: require('neo-tree.events')
077.641  000.055  000.055: require('gitsigns.async')
077.725  000.083  000.083: require('gitsigns.debug.log')
077.832  000.107  000.107: require('gitsigns.config')
077.834  000.442  000.198: require('gitsigns')
078.063  000.136  000.136: require('gitsigns.highlight')
078.335  000.041  000.041: require('gitsigns.debounce')
078.626  000.172  000.172: sourcing /Users/emresin/.local/share/nvim/lazy/vim-sleuth/plugin/sleuth.vim
079.590  000.061  000.061: require('vim.treesitter.language')
079.626  000.035  000.035: require('vim.func')
079.673  000.046  000.046: require('vim.func._memoize')
079.691  000.239  000.097: require('vim.treesitter.query')
079.736  000.044  000.044: require('vim.treesitter._range')
079.758  000.368  000.085: require('vim.treesitter.languagetree')
079.761  000.423  000.054: require('vim.treesitter')
079.766  000.479  000.056: require('nvim-treesitter.compat')
080.801  000.912  000.912: require('nvim-treesitter.parsers')
080.860  000.058  000.058: require('nvim-treesitter.utils')
080.863  001.036  000.066: require('nvim-treesitter.ts_utils')
080.865  001.099  000.063: require('nvim-treesitter.tsrange')
080.911  000.045  000.045: require('nvim-treesitter.caching')
080.918  001.697  000.074: require('nvim-treesitter.query')
080.925  001.763  000.066: require('nvim-treesitter.configs')
080.927  001.945  000.182: require('nvim-treesitter-textobjects')
081.124  000.079  000.079: require('nvim-treesitter.info')
081.190  000.065  000.065: require('nvim-treesitter.shell_command_selectors')
081.204  000.231  000.087: require('nvim-treesitter.install')
081.258  000.053  000.053: require('nvim-treesitter.statusline')
081.310  000.052  000.052: require('nvim-treesitter.query_predicates')
081.311  000.384  000.048: require('nvim-treesitter')
081.540  000.181  000.181: require('nvim-treesitter.textobjects.shared')
081.546  000.232  000.051: require('nvim-treesitter.textobjects.select')
081.725  000.094  000.094: require('nvim-treesitter.textobjects.attach')
081.847  000.122  000.122: require('nvim-treesitter.textobjects.repeatable_move')
081.858  000.300  000.084: require('nvim-treesitter.textobjects.move')
082.026  000.072  000.072: require('nvim-treesitter.textobjects.swap')
082.132  000.089  000.089: require('nvim-treesitter.textobjects.lsp_interop')
082.163  003.186  000.164: sourcing /Users/emresin/.local/share/nvim/lazy/nvim-treesitter-textobjects/plugin/nvim-treesitter-textobjects.vim
082.641  000.414  000.414: sourcing /Users/emresin/.local/share/nvim/lazy/nvim-treesitter/plugin/nvim-treesitter.lua
084.003  000.091  000.091: require('nvim-treesitter.indent')
084.180  000.093  000.093: require('nvim-treesitter.locals')
084.182  000.162  000.069: require('nvim-treesitter.incremental_selection')
084.234  000.037  000.037: require('nvim-treesitter.highlight')
084.734  000.039  000.039: require('treesitter-context.config')
084.738  000.246  000.207: require('treesitter-context')
084.759  000.288  000.043: sourcing /Users/emresin/.local/share/nvim/lazy/nvim-treesitter-context/plugin/treesitter-context.lua
084.898  000.050  000.050: require('vim.treesitter.highlighter')
084.931  000.033  000.033: require('treesitter-context.util')
084.935  000.130  000.048: require('treesitter-context.render')
085.079  000.052  000.052: sourcing /Users/emresin/.local/share/nvim/lazy/vim-commentary/plugin/commentary.vim
085.637  000.377  000.377: sourcing /Users/emresin/.local/share/nvim/lazy/vim-fugitive/plugin/fugitive.vim
085.685  000.004  000.004: sourcing /Users/emresin/.local/share/nvim/lazy/vim-fugitive/ftdetect/fugitive.vim
085.943  000.057  000.057: require('easydirs.init')
086.136  000.030  000.030: sourcing /opt/homebrew/Cellar/neovim/0.10.4/share/nvim/runtime/plugin/editorconfig.lua
086.215  000.054  000.054: sourcing /opt/homebrew/Cellar/neovim/0.10.4/share/nvim/runtime/plugin/gzip.vim
086.266  000.027  000.027: sourcing /opt/homebrew/Cellar/neovim/0.10.4/share/nvim/runtime/plugin/man.lua
086.716  000.070  000.070: sourcing /opt/homebrew/Cellar/neovim/0.10.4/share/nvim/runtime/pack/dist/opt/matchit/plugin/matchit.vim
086.723  000.431  000.361: sourcing /opt/homebrew/Cellar/neovim/0.10.4/share/nvim/runtime/plugin/matchit.vim
086.823  000.076  000.076: sourcing /opt/homebrew/Cellar/neovim/0.10.4/share/nvim/runtime/plugin/matchparen.vim
086.854  000.006  000.006: sourcing /opt/homebrew/Cellar/neovim/0.10.4/share/nvim/runtime/plugin/netrwPlugin.vim
086.926  000.025  000.025: sourcing /opt/homebrew/Cellar/neovim/0.10.4/share/nvim/runtime/plugin/osc52.lua
087.004  000.054  000.054: sourcing /opt/homebrew/Cellar/neovim/0.10.4/share/nvim/runtime/plugin/rplugin.vim
087.050  000.022  000.022: sourcing /opt/homebrew/Cellar/neovim/0.10.4/share/nvim/runtime/plugin/shada.vim
087.084  000.007  000.007: sourcing /opt/homebrew/Cellar/neovim/0.10.4/share/nvim/runtime/plugin/spellfile.vim
087.146  000.030  000.030: sourcing /opt/homebrew/Cellar/neovim/0.10.4/share/nvim/runtime/plugin/tarPlugin.vim
087.194  000.023  000.023: sourcing /opt/homebrew/Cellar/neovim/0.10.4/share/nvim/runtime/plugin/tohtml.lua
087.226  000.006  000.006: sourcing /opt/homebrew/Cellar/neovim/0.10.4/share/nvim/runtime/plugin/tutor.vim
087.299  000.048  000.048: sourcing /opt/homebrew/Cellar/neovim/0.10.4/share/nvim/runtime/plugin/zipPlugin.vim
087.458  000.055  000.055: sourcing /Users/emresin/.local/share/nvim/lazy/indent-blankline.nvim/after/plugin/commands.lua
087.530  000.028  000.028: sourcing /Users/emresin/.local/share/nvim/lazy/cmp-nvim-lsp/after/plugin/cmp_nvim_lsp.lua
087.551  079.624  026.975: require('lazy-plugins')
087.551  081.250  000.046: sourcing /Users/emresin/.config/nvim/init.lua
087.557  000.802: sourcing vimrc file(s)
087.820  000.021  000.021: sourcing /opt/homebrew/Cellar/neovim/0.10.4/share/nvim/runtime/filetype.lua
087.977  000.023  000.023: sourcing /opt/homebrew/Cellar/neovim/0.10.4/share/nvim/runtime/syntax/synload.vim
088.005  000.140  000.117: sourcing /opt/homebrew/Cellar/neovim/0.10.4/share/nvim/runtime/syntax/syntax.vim
088.008  000.290: inits 3
089.111  001.103: reading ShaDa
089.207  000.096: opening buffers
089.232  000.025: BufEnter autocommands
089.233  000.001: editing files in windows
089.341  000.012  000.012: sourcing /Users/emresin/.local/share/nvim/lazy/todo-comments.nvim/plugin/todo.vim
089.647  000.036  000.036: require('todo-comments.util')
089.650  000.084  000.048: require('todo-comments.config')
089.730  000.043  000.043: require('todo-comments.highlight')
089.731  000.081  000.039: require('todo-comments.jump')
089.732  000.375  000.210: require('todo-comments')
089.877  000.050  000.050: require('snacks.picker')
089.964  000.086  000.086: require('snacks.picker.config.sources')
090.001  000.035  000.035: require('todo-comments.snacks')
090.080  000.022  000.022: sourcing /Users/emresin/.local/share/nvim/lazy/which-key.nvim/plugin/which-key.lua
090.385  000.222  000.222: require('which-key')
090.458  000.072  000.072: require('which-key.config')
091.009  000.077  000.077: sourcing /Users/emresin/.local/share/nvim/lazy/telescope.nvim/plugin/telescope.lua
091.281  000.044  000.044: require('telescope._extensions')
091.282  000.242  000.198: require('telescope')
091.325  000.042  000.042: require('telescope.themes')
091.427  000.046  000.046: require('plenary.strings')
091.493  000.066  000.066: require('telescope.deprecated')
091.588  000.047  000.047: require('telescope.log')
091.679  000.039  000.039: require('telescope.state')
091.687  000.099  000.060: require('telescope.utils')
091.690  000.196  000.051: require('telescope.sorters')
092.343  001.015  000.707: require('telescope.config')
092.998  000.218  000.218: require('fzf_lib')
093.000  000.274  000.056: require('telescope._extensions.fzf')
093.048  000.045  000.045: require('telescope._extensions.ui-select')
093.207  000.041  000.041: require('plenary.window.border')
093.244  000.036  000.036: require('plenary.window')
093.279  000.034  000.034: require('plenary.popup.utils')
093.280  000.155  000.045: require('plenary.popup')
093.394  000.040  000.040: require('telescope.pickers.scroller')
093.431  000.037  000.037: require('telescope.actions.state')
093.472  000.041  000.041: require('telescope.actions.utils')
093.561  000.043  000.043: require('telescope.actions.mt')
093.574  000.101  000.058: require('telescope.actions.set')
093.660  000.046  000.046: require('telescope.config.resolve')
093.661  000.086  000.040: require('telescope.pickers.entry_display')
093.702  000.040  000.040: require('telescope.from_entry')
093.881  000.600  000.255: require('telescope.actions')
093.926  000.044  000.044: require('telescope.debounce')
093.999  000.073  000.073: require('telescope.mappings')
094.041  000.041  000.041: require('telescope.pickers.highlights')
094.079  000.037  000.037: require('telescope.pickers.window')
094.160  000.040  000.040: require('telescope.algos.linked_list')
094.162  000.082  000.042: require('telescope.entry_manager')
094.199  000.037  000.037: require('telescope.pickers.multi')
094.204  001.155  000.086: require('telescope.pickers')
094.343  000.073  000.073: require('telescope.make_entry')
094.382  000.039  000.039: require('telescope.finders.async_static_finder')
094.497  000.032  000.032: require('plenary.class')
094.503  000.082  000.050: require('telescope._')
094.504  000.121  000.039: require('telescope.finders.async_oneshot_finder')
094.541  000.037  000.037: require('telescope.finders.async_job_finder')
094.543  000.338  000.069: require('telescope.finders')
094.690  000.142  000.142: require('telescope.builtin')
163.413  069.976: VimEnter autocommands
163.969  000.104  000.104: require('snacks.util')
163.989  000.449  000.345: require('snacks.dashboard')
165.076  001.214: UIEnter autocommands
165.077  000.001: before starting main loop
165.575  000.498: first screen update
165.579  000.004: --- NVIM STARTED ---

--- Startup times for process: Primary/TUI ---

times in msec
 clock   self+sourced   self:  sourced script
 clock   elapsed:              other lines

000.001  000.001: --- NVIM STARTING ---
000.152  000.151: event init
000.382  000.230: early init
000.870  000.489: locale set
000.924  000.053: init first window
001.354  000.430: inits 1
001.367  000.013: window checked
001.371  000.004: parsing arguments
001.898  000.032  000.032: require('vim.shared')
001.968  000.037  000.037: require('vim.inspect')
002.009  000.030  000.030: require('vim._options')
002.011  000.109  000.042: require('vim._editor')
002.012  000.193  000.052: require('vim._init_packages')
002.014  000.451: init lua interpreter
002.701  000.687: --- NVIM STARTED ---

--- Startup times for process: Embedded ---

times in msec
 clock   self+sourced   self:  sourced script
 clock   elapsed:              other lines

000.000  000.000: --- NVIM STARTING ---
000.101  000.101: event init
000.246  000.145: early init
000.658  000.412: locale set
000.711  000.053: init first window
001.082  000.370: inits 1
001.103  000.021: window checked
001.107  000.004: parsing arguments
001.642  000.039  000.039: require('vim.shared')
001.731  000.044  000.044: require('vim.inspect')
001.781  000.038  000.038: require('vim._options')
001.783  000.138  000.057: require('vim._editor')
001.785  000.239  000.061: require('vim._init_packages')
001.788  000.441: init lua interpreter
004.124  002.336: expanding arguments
004.139  000.015: inits 2
004.431  000.292: init highlight
004.432  000.001: waiting for UI
004.588  000.156: done waiting for UI
004.595  000.007: clear screen
004.676  000.010  000.010: require('vim.keymap')
005.385  000.788  000.777: require('vim._defaults')
005.387  000.004: init default mappings & autocommands
006.029  000.060  000.060: sourcing /opt/homebrew/Cellar/neovim/0.10.4/share/nvim/runtime/ftplugin.vim
006.129  000.028  000.028: sourcing /opt/homebrew/Cellar/neovim/0.10.4/share/nvim/runtime/indent.vim
006.597  000.270  000.270: require('options')
007.789  001.191  001.191: require('keymaps')
007.992  000.200  000.200: require('lazy-bootstrap')
008.757  000.204  000.204: require('lazy')
008.920  000.161  000.161: require('kickstart/plugins/gitsigns')
009.045  000.123  000.123: require('kickstart/plugins/which-key')
009.208  000.161  000.161: require('kickstart/plugins/telescope')
009.463  000.253  000.253: require('kickstart/plugins/lspconfig')
009.574  000.110  000.110: require('kickstart/plugins/conform')
009.781  000.205  000.205: require('kickstart/plugins/cmp')
009.870  000.087  000.087: require('kickstart/plugins/tokyonight')
009.958  000.087  000.087: require('kickstart/plugins/todo-comments')
010.048  000.088  000.088: require('kickstart/plugins/mini')
010.193  000.143  000.143: require('kickstart/plugins/treesitter')
010.277  000.082  000.082: require('kickstart.plugins.indent_line')
010.377  000.099  000.099: require('kickstart.plugins.lint')
010.465  000.086  000.086: require('kickstart.plugins.autopairs')
010.558  000.092  000.092: require('kickstart.plugins.neo-tree')
010.586  000.015  000.015: require('ffi')
010.650  000.034  000.034: require('vim.fs')
010.839  000.185  000.185: require('vim.uri')
010.852  000.263  000.044: require('vim.loader')
011.179  000.302  000.302: require('lazy.stats')
011.376  000.158  000.158: require('lazy.core.util')
011.561  000.184  000.184: require('lazy.core.config')
012.005  000.295  000.295: require('lazy.core.handler')
012.556  000.149  000.149: require('lazy.pkg')
012.560  000.335  000.186: require('lazy.core.meta')
012.566  000.560  000.224: require('lazy.core.plugin')
012.572  001.009  000.154: require('lazy.core.loader')
013.254  000.202  000.202: require('lazy.core.fragments')
019.225  000.164  000.164: require('lazy.core.handler.cmd')
019.386  000.158  000.158: require('lazy.core.handler.event')
019.469  000.081  000.081: require('lazy.core.handler.ft')
019.575  000.104  000.104: require('lazy.core.handler.keys')
021.723  000.260  000.260: sourcing /opt/homebrew/Cellar/neovim/0.10.4/share/nvim/runtime/filetype.lua
022.850  000.563  000.563: require('snacks')
022.852  000.654  000.091: sourcing /Users/emresin/.local/share/nvim/lazy/snacks.nvim/plugin/snacks.lua
024.096  000.140  000.140: sourcing /Users/emresin/.local/share/nvim/lazy/gruvbox-material/autoload/gruvbox_material.vim
029.798  005.902  005.763: sourcing /Users/emresin/.local/share/nvim/lazy/gruvbox-material/colors/gruvbox-material.vim
031.384  000.103  000.103: require('vim.treesitter.language')
031.480  000.094  000.094: require('vim.func')
031.539  000.057  000.057: require('vim.func._memoize')
031.567  000.370  000.117: require('vim.treesitter.query')
031.630  000.061  000.061: require('vim.treesitter._range')
031.637  000.541  000.110: require('vim.treesitter.languagetree')
031.641  000.758  000.217: require('vim.treesitter')
031.643  000.824  000.066: require('nvim-treesitter.compat')
033.378  001.553  001.553: require('nvim-treesitter.parsers')
033.469  000.090  000.090: require('nvim-treesitter.utils')
033.473  001.765  000.121: require('nvim-treesitter.ts_utils')
033.476  001.832  000.068: require('nvim-treesitter.tsrange')
033.563  000.085  000.085: require('nvim-treesitter.caching')
033.570  002.827  000.086: require('nvim-treesitter.query')
033.580  003.006  000.180: require('nvim-treesitter.configs')
033.582  003.540  000.534: require('nvim-treesitter-textobjects')
033.855  000.064  000.064: require('nvim-treesitter.info')
033.933  000.076  000.076: require('nvim-treesitter.shell_command_selectors')
033.945  000.243  000.102: require('nvim-treesitter.install')
034.041  000.094  000.094: require('nvim-treesitter.statusline')
034.114  000.073  000.073: require('nvim-treesitter.query_predicates')
034.116  000.533  000.123: require('nvim-treesitter')
034.243  000.060  000.060: require('nvim-treesitter.textobjects.shared')
034.245  000.126  000.066: require('nvim-treesitter.textobjects.select')
034.443  000.123  000.123: require('nvim-treesitter.textobjects.attach')
034.510  000.067  000.067: require('nvim-treesitter.textobjects.repeatable_move')
034.514  000.253  000.063: require('nvim-treesitter.textobjects.move')
034.744  000.061  000.061: require('nvim-treesitter.textobjects.swap')
034.858  000.062  000.062: require('nvim-treesitter.textobjects.lsp_interop')
034.869  004.836  000.262: sourcing /Users/emresin/.local/share/nvim/lazy/nvim-treesitter-textobjects/plugin/nvim-treesitter-textobjects.vim
035.297  000.356  000.356: sourcing /Users/emresin/.local/share/nvim/lazy/nvim-treesitter/plugin/nvim-treesitter.lua
036.625  000.108  000.108: require('nvim-treesitter.highlight')
036.937  000.112  000.112: require('nvim-treesitter.locals')
036.940  000.216  000.104: require('nvim-treesitter.incremental_selection')
037.387  000.106  000.106: require('nvim-treesitter.indent')
038.047  000.552  000.552: sourcing /Users/emresin/.local/share/nvim/lazy/vim-fugitive/plugin/fugitive.vim
038.151  000.007  000.007: sourcing /Users/emresin/.local/share/nvim/lazy/vim-fugitive/ftdetect/fugitive.vim
038.781  000.067  000.067: require('ibl.utils')
038.784  000.134  000.067: require('ibl.config')
038.892  000.049  000.049: require('ibl.indent')
038.895  000.110  000.061: require('ibl.hooks')
038.896  000.305  000.060: require('ibl.highlights')
038.980  000.083  000.083: require('ibl.autocmds')
039.031  000.050  000.050: require('ibl.inlay_hints')
039.080  000.048  000.048: require('ibl.virt_text')
039.239  000.109  000.109: require('ibl.scope_languages')
039.241  000.160  000.051: require('ibl.scope')
039.244  000.971  000.325: require('ibl')
039.394  000.097  000.097: require('vim.iter')
039.647  000.123  000.123: require('vim.lsp.log')
039.978  000.330  000.330: require('vim.lsp.protocol')
040.363  000.240  000.240: require('vim.lsp._snippet_grammar')
040.426  000.061  000.061: require('vim.highlight')
040.434  000.005  000.005: require('vim.F')
040.447  000.467  000.161: require('vim.lsp.util')
040.631  000.081  000.081: require('vim.lsp.sync')
040.637  000.189  000.108: require('vim.lsp._changetracking')
040.984  000.347  000.347: require('vim.lsp.rpc')
041.088  001.682  000.226: require('vim.lsp')
041.286  000.196  000.196: require('vim.lsp.handlers')
041.665  000.015  000.015: sourcing /Users/emresin/.local/share/nvim/lazy/plenary.nvim/plugin/plenary.vim
042.285  000.055  000.055: require('mason-core.path')
042.450  000.105  000.105: require('mason-core.functional')
042.558  000.047  000.047: require('mason-core.functional.data')
042.561  000.103  000.057: require('mason-core.functional.function')
042.615  000.048  000.048: require('mason-core.functional.relation')
042.665  000.046  000.046: require('mason-core.functional.logic')
042.674  000.388  000.086: require('mason-core.platform')
042.725  000.050  000.050: require('mason.settings')
042.726  000.769  000.275: require('mason')
042.922  000.082  000.082: require('mason-core.functional.list')
043.005  000.056  000.056: require('mason-core.functional.string')
043.016  000.235  000.098: require('mason.api.command')
043.075  000.057  000.057: require('mason-registry.sources')
043.894  000.059  000.059: require('mason-core.log')
043.895  000.106  000.048: require('mason-core.EventEmitter')
043.944  000.048  000.048: require('mason-core.optional')
044.048  000.054  000.054: require('mason-core.async')
044.135  000.086  000.086: require('mason-core.async.uv')
044.138  000.193  000.052: require('mason-core.fs')
044.146  000.466  000.119: require('mason-registry')
044.149  000.790  000.325: require('mason-tool-installer')
044.156  000.835  000.044: sourcing /Users/emresin/.local/share/nvim/lazy/mason-tool-installer.nvim/plugin/mason-tool-installer.lua
044.645  000.054  000.054: require('fidget.spinner.patterns')
044.647  000.098  000.043: require('fidget.spinner')
044.692  000.044  000.044: require('fidget.options')
044.701  000.202  000.061: require('fidget.progress.display')
044.804  000.050  000.050: require('fidget.logger')
044.817  000.115  000.065: require('fidget.progress.lsp')
045.050  000.054  000.054: require('fidget.poll')
045.052  000.106  000.052: require('fidget.notification.model')
045.115  000.063  000.063: require('fidget.notification.window')
045.170  000.054  000.054: require('fidget.notification.view')
045.189  000.296  000.072: require('fidget.notification')
045.191  000.373  000.077: require('fidget.progress.handle')
045.230  000.780  000.090: require('fidget.progress')
045.299  000.068  000.068: require('fidget.commands')
045.395  000.051  000.051: require('fidget.integration.nvim-tree')
045.444  000.048  000.048: require('fidget.integration.xcodebuild-nvim')
045.446  000.145  000.046: require('fidget.integration')
045.477  001.190  000.196: require('fidget')
047.216  000.121  000.121: require('lspconfig.util')
047.225  000.167  000.045: sourcing /Users/emresin/.local/share/nvim/lazy/nvim-lspconfig/plugin/lspconfig.lua
047.481  000.050  000.050: require('cmp_nvim_lsp.source')
047.483  000.225  000.175: require('cmp_nvim_lsp')
047.738  000.058  000.058: require('mason-lspconfig.settings')
047.740  000.126  000.067: require('mason-lspconfig')
048.499  000.101  000.101: require('null-ls.utils.tbl_flatten')
048.508  000.186  000.086: require('null-ls.utils')
048.732  000.221  000.221: require('vim.diagnostic')
048.756  000.490  000.082: require('null-ls.config')
048.862  000.051  000.051: require('null-ls.helpers.cache')
048.917  000.054  000.054: require('null-ls.helpers.check_exit_code')
048.983  000.066  000.066: require('null-ls.helpers.diagnostics')
049.035  000.051  000.051: require('null-ls.helpers.formatter_factory')
049.213  000.066  000.066: require('null-ls.logger')
049.275  000.061  000.061: require('null-ls.state')
049.277  000.241  000.115: require('null-ls.helpers.generator_factory')
049.400  000.060  000.060: require('null-ls.helpers.command_resolver')
049.401  000.123  000.063: require('null-ls.helpers.make_builtin')
049.454  000.052  000.052: require('null-ls.helpers.range_formatting_args_factory')
049.455  000.698  000.059: require('null-ls.helpers')
049.653  000.067  000.067: require('null-ls.methods')
049.660  000.145  000.078: require('null-ls.diagnostics')
049.664  000.208  000.063: require('null-ls.sources')
049.724  000.058  000.058: require('null-ls.builtins')
049.725  001.669  000.215: require('null-ls')
049.849  000.122  000.122: require('null-ls.builtins.formatting.prettierd')
049.949  000.065  000.065: require('null-ls.builtins.formatting.black')
050.432  000.274  000.274: require('null-ls.builtins.diagnostics.eslint')
050.457  000.507  000.234: require('null-ls.builtins.diagnostics.eslint_d')
050.554  000.064  000.064: require('null-ls.builtins.formatting.isort')
050.634  000.079  000.079: require('null-ls.builtins.diagnostics.ruff')
050.730  000.095  000.095: require('null-ls.builtins.formatting.gofmt')
050.854  000.123  000.123: require('null-ls.builtins.formatting.goimports')
051.057  000.202  000.202: require('null-ls.builtins.formatting.clang_format')
051.853  000.180  000.180: require('null-ls.client')
052.073  000.087  000.087: require('mason-null-ls.automatic_setup')
052.075  000.162  000.075: require('mason-null-ls')
052.125  000.050  000.050: require('mason-null-ls.settings')
052.176  000.045  000.045: require('mason-null-ls.ensure_installed')
052.289  000.059  000.059: require('mason-core.result')
052.455  000.070  000.070: require('mason-core.process')
052.530  000.075  000.075: require('mason-core.spawn')
052.532  000.195  000.051: require('mason-core.managers.powershell')
052.578  000.045  000.045: require('mason.version')
052.579  000.290  000.050: require('mason-core.fetch')
052.623  000.042  000.042: require('mason-core.providers')
052.864  000.081  000.081: require('mason-core.functional.table')
052.908  000.186  000.105: require('mason-core.purl')
052.914  000.248  000.062: require('mason-core.package')
053.073  000.051  000.051: require('mason-core.installer.registry.expr')
053.077  000.108  000.058: require('mason-core.installer.registry.link')
053.334  000.049  000.049: require('mason-core.receipt')
053.345  000.113  000.065: require('mason-core.installer.context')
053.392  000.045  000.045: require('mason-core.async.control')
053.442  000.049  000.049: require('mason-core.installer.linker')
053.444  000.265  000.057: require('mason-core.installer')
053.451  000.326  000.061: require('mason-core.installer.managers.std')
053.452  000.374  000.048: require('mason-core.installer.registry.schemas')
053.570  000.118  000.118: require('mason-core.installer.registry.util')
053.575  000.660  000.060: require('mason-core.installer.registry')
053.576  000.953  000.045: require('mason-registry.sources.util')
053.580  001.399  000.056: require('mason-registry.sources.github')
056.039  000.056  000.056: require('mason-null-ls.automatic_installation')
056.133  000.051  000.051: require('mason-null-ls.mappings.source')
057.917  000.044  000.044: require('mason-core.functional.type')
062.565  000.054  000.054: require('mason-core.notify')
062.619  000.051  000.051: require('mason-core.functional.number')
062.658  000.220  000.114: require('mason-null-ls.api.command')
062.682  014.941  009.808: require('mason-null-ls.mappings.source')
062.937  000.036  000.036: require('mason-lspconfig.notify')
062.939  000.084  000.049: require('mason-lspconfig.lspconfig_hook')
063.008  000.068  000.068: require('mason-lspconfig.mappings.server')
063.056  000.047  000.047: require('mason-lspconfig.server_config_extensions')
063.143  000.040  000.040: require('lspconfig.async')
063.145  000.088  000.048: require('lspconfig.configs')
063.193  000.047  000.047: require('lspconfig.configs.omnisharp')
063.342  000.055  000.055: require('mason-lspconfig.api.command')
063.400  000.044  000.044: require('lspconfig')
063.470  000.069  000.069: require('lspconfig.configs.volar')
063.883  000.081  000.081: require('mason-lspconfig.server_configurations.volar')
064.052  000.044  000.044: require('lspconfig.manager')
064.097  000.041  000.041: require('lspconfig.configs.clangd')
064.505  000.039  000.039: require('lspconfig.configs.lua_ls')
064.790  000.064  000.064: require('lspconfig.configs.ast_grep')
065.061  000.065  000.065: require('lspconfig.configs.vuels')
065.308  000.040  000.040: require('lspconfig.configs.ruff')
065.589  000.039  000.039: require('lspconfig.configs.gopls')
065.870  000.046  000.046: require('lspconfig.configs.pyright')
066.266  000.046  000.046: require('typescript-tools.config')
066.330  000.064  000.064: require('typescript-tools.protocol.constants')
066.540  000.046  000.046: require('plenary.bit')
066.584  000.044  000.044: require('plenary.functional')
066.602  000.169  000.079: require('plenary.path')
066.689  000.036  000.036: require('plenary.compat')
066.696  000.093  000.057: require('plenary.job')
066.704  000.322  000.059: require('typescript-tools.tsserver_provider')
066.752  000.047  000.047: require('typescript-tools.process')
066.792  000.040  000.040: require('typescript-tools.request_queue')
066.831  000.038  000.038: require('typescript-tools.protocol.progress')
066.929  000.041  000.041: require('typescript-tools.utils')
066.931  000.086  000.045: require('typescript-tools.protocol.module_mapper')
066.971  000.039  000.039: require('typescript-tools.protocol.pending_diagnostic')
067.275  000.069  000.069: require('plenary.tbl')
067.276  000.107  000.038: require('plenary.vararg.rotate')
067.277  000.151  000.044: require('plenary.vararg')
067.313  000.035  000.035: require('plenary.errors')
067.314  000.224  000.038: require('plenary.async.async')
067.454  000.034  000.034: require('plenary.async.structs')
067.456  000.073  000.038: require('plenary.async.control')
067.460  000.112  000.039: require('plenary.async.util')
067.460  000.145  000.033: require('plenary.async.tests')
067.461  000.443  000.073: require('plenary.async')
067.529  000.067  000.067: require('plenary.async.uv_async')
067.600  000.037  000.037: require('vim.ui')
067.601  000.071  000.034: require('typescript-tools.async')
067.603  000.632  000.051: require('typescript-tools.api')
067.648  000.045  000.045: require('typescript-tools.protocol.utils')
067.650  001.319  000.071: require('typescript-tools.tsserver')
067.757  000.034  000.034: require('typescript-tools.autocommands.common')
067.759  000.072  000.038: require('typescript-tools.autocommands.diagnostics')
067.793  000.034  000.034: require('typescript-tools.autocommands.code_lens')
067.830  000.036  000.036: require('typescript-tools.autocommands.jsx_close_tag')
067.831  000.181  000.039: require('typescript-tools.autocommands')
067.865  000.033  000.033: require('typescript-tools.custom_handlers')
067.899  000.033  000.033: require('typescript-tools.request_router')
067.969  000.034  000.034: require('typescript-tools.integrations')
067.971  000.071  000.037: require('typescript-tools.internal_commands')
067.972  001.790  000.043: require('typescript-tools.rpc')
067.972  001.835  000.045: require('typescript-tools')
068.329  000.068  000.068: require('gitsigns.async')
068.369  000.039  000.039: require('gitsigns.debug.log')
068.431  000.061  000.061: require('gitsigns.config')
068.433  000.374  000.206: require('gitsigns')
068.657  000.132  000.132: require('gitsigns.highlight')
068.867  000.042  000.042: require('gitsigns.debounce')
069.020  000.073  000.073: require('plenary.log')
069.032  000.129  000.056: require('easydirs.init')
069.460  000.181  000.181: sourcing /Users/emresin/.local/share/nvim/lazy/vim-sleuth/plugin/sleuth.vim
069.839  000.248  000.248: require('mini.ai')
070.214  000.053  000.053: require('treesitter-context.config')
070.221  000.229  000.176: require('treesitter-context')
070.244  000.278  000.049: sourcing /Users/emresin/.local/share/nvim/lazy/nvim-treesitter-context/plugin/treesitter-context.lua
070.415  000.085  000.085: require('vim.treesitter.highlighter')
070.455  000.039  000.039: require('treesitter-context.util')
070.459  000.195  000.071: require('treesitter-context.render')
070.889  000.043  000.043: require('tmux.configuration.logging')
070.932  000.042  000.042: require('tmux.log.severity')
070.933  000.132  000.047: require('tmux.log.channels')
070.934  000.181  000.049: require('tmux.log')
070.980  000.045  000.045: require('tmux.configuration.options')
071.068  000.044  000.044: require('tmux.version')
071.069  000.089  000.045: require('tmux.configuration.validate')
071.118  000.049  000.049: require('tmux.wrapper.tmux')
071.120  000.414  000.051: require('tmux.configuration')
071.400  000.231  000.231: require('tmux.keymaps')
071.406  000.286  000.055: require('tmux.copy')
071.613  000.044  000.044: require('tmux.layout.parse')
071.614  000.092  000.048: require('tmux.layout')
071.657  000.042  000.042: require('tmux.wrapper.nvim')
071.658  000.178  000.044: require('tmux.navigation.navigate')
071.660  000.254  000.076: require('tmux.navigation')
071.712  000.051  000.051: require('tmux.resize')
071.713  001.188  000.184: require('tmux')
071.756  000.041  000.041: require('tmux.log.convert')
077.586  000.080  000.080: require('tmux.version.parse')
077.759  000.016  000.016: sourcing /Users/emresin/.local/share/nvim/lazy/nvim-web-devicons/plugin/nvim-web-devicons.vim
078.272  000.089  000.089: require('lsp-file-operations.log')
078.275  000.322  000.233: require('lsp-file-operations')
078.849  000.010  000.010: sourcing /Users/emresin/.local/share/nvim/lazy/neo-tree.nvim/plugin/neo-tree.vim
079.294  000.098  000.098: require('neo-tree.log')
079.348  000.054  000.054: require('neo-tree.utils.filesize.filesize')
079.361  000.251  000.100: require('neo-tree.utils')
079.364  000.486  000.235: require('neo-tree')
079.590  000.149  000.149: require('neo-tree.defaults')
079.644  000.053  000.053: require('neo-tree.setup.mapping-helper')
079.830  000.054  000.054: require('neo-tree.collections')
079.832  000.115  000.060: require('neo-tree.events.queue')
079.835  000.191  000.076: require('neo-tree.events')
079.948  000.060  000.060: require('neo-tree.sources.filesystem.lib.globtopattern')
079.954  000.119  000.058: require('neo-tree.sources.common.file-nesting')
080.019  000.064  000.064: require('neo-tree.ui.highlights')
080.446  000.060  000.060: require('nui.object')
080.651  000.073  000.073: require('vim.version')
081.462  000.937  000.864: require('nui.utils')
081.472  001.025  000.088: require('nui.text')
081.481  001.188  000.103: require('nui.line')
081.677  000.104  000.104: require('nui.tree.util')
081.733  000.250  000.147: require('nui.tree')
081.918  000.096  000.096: require('nui.utils.buf_storage')
082.104  000.186  000.186: require('nui.utils.autocmd')
082.235  000.130  000.130: require('nui.utils.keymap')
082.522  000.179  000.179: require('nui.layout.utils')
082.528  000.292  000.113: require('nui.split.utils')
082.551  000.817  000.113: require('nui.split')
083.058  000.304  000.304: require('nui.popup.border')
083.077  000.526  000.222: require('nui.popup')
083.148  000.070  000.070: require('neo-tree.ui.popups')
083.208  000.059  000.059: require('neo-tree.ui.windows')
083.224  003.037  000.126: require('neo-tree.ui.renderer')
083.294  000.070  000.070: require('neo-tree.sources.filesystem.lib.filter_external')
083.334  000.039  000.039: require('neo-tree.sources.common.file-items')
083.488  000.036  000.036: require('neo-tree.git.utils')
083.489  000.077  000.042: require('neo-tree.git.status')
083.529  000.039  000.039: require('neo-tree.git.ignored')
083.530  000.154  000.038: require('neo-tree.git')
083.531  000.197  000.042: require('neo-tree.sources.filesystem.lib.fs_watch')
083.535  003.439  000.097: require('neo-tree.sources.filesystem.lib.fs_scan')
083.650  000.077  000.077: require('nui.input')
083.651  000.116  000.039: require('neo-tree.ui.inputs')
083.657  003.637  000.082: require('neo-tree.sources.manager')
083.772  000.036  000.036: require('neo-tree.command.parser')
083.843  000.070  000.070: require('neo-tree.command.completion')
083.844  000.148  000.042: require('neo-tree.command')
083.845  000.188  000.040: require('neo-tree.setup.netrw')
083.883  000.037  000.037: require('neo-tree.sources.common.hijack_cursor')
083.885  004.521  000.083: require('neo-tree.setup')
084.105  000.040  000.040: require('neo-tree.setup.deprecations')
085.306  000.054  000.054: require('neo-tree.sources.filesystem')
085.390  000.039  000.039: require('neo-tree.sources.buffers.lib.items')
085.392  000.084  000.045: require('neo-tree.sources.buffers')
085.475  000.040  000.040: require('neo-tree.sources.git_status.lib.items')
085.476  000.083  000.042: require('neo-tree.sources.git_status')
085.700  000.042  000.042: require('neo-tree.sources.common.container')
085.702  000.093  000.051: require('neo-tree.sources.common.components')
085.706  000.165  000.072: require('neo-tree.sources.git_status.components')
086.488  000.640  000.640: require('plenary.scandir')
086.527  000.038  000.038: require('plenary')
086.531  000.732  000.055: require('neo-tree.sources.filesystem.lib.fs_actions')
086.573  000.041  000.041: require('neo-tree.sources.common.help')
086.620  000.047  000.047: require('neo-tree.sources.common.preview')
086.657  000.036  000.036: require('neo-tree.sources.common.node_expander')
086.663  000.919  000.062: require('neo-tree.sources.common.commands')
086.669  000.963  000.044: require('neo-tree.sources.git_status.commands')
086.812  000.038  000.038: require('neo-tree.sources.filesystem.components')
086.890  000.040  000.040: require('neo-tree.sources.filesystem.lib.filter')
086.898  000.086  000.046: require('neo-tree.sources.filesystem.commands')
086.983  000.036  000.036: require('neo-tree.sources.buffers.components')
087.039  000.055  000.055: require('neo-tree.sources.buffers.commands')
087.487  009.025  002.405: require('neo-tree.events')
088.065  000.040  000.040: require('lualine_require')
088.213  000.477  000.437: require('lualine')
090.158  000.043  000.043: require('lualine.utils.mode')
090.877  000.056  000.056: sourcing /Users/emresin/.local/share/nvim/lazy/vim-commentary/plugin/commentary.vim
091.004  000.031  000.031: sourcing /opt/homebrew/Cellar/neovim/0.10.4/share/nvim/runtime/plugin/editorconfig.lua
091.083  000.055  000.055: sourcing /opt/homebrew/Cellar/neovim/0.10.4/share/nvim/runtime/plugin/gzip.vim
091.135  000.029  000.029: sourcing /opt/homebrew/Cellar/neovim/0.10.4/share/nvim/runtime/plugin/man.lua
091.592  000.072  000.072: sourcing /opt/homebrew/Cellar/neovim/0.10.4/share/nvim/runtime/pack/dist/opt/matchit/plugin/matchit.vim
091.599  000.440  000.368: sourcing /opt/homebrew/Cellar/neovim/0.10.4/share/nvim/runtime/plugin/matchit.vim
091.700  000.070  000.070: sourcing /opt/homebrew/Cellar/neovim/0.10.4/share/nvim/runtime/plugin/matchparen.vim
091.762  000.006  000.006: sourcing /opt/homebrew/Cellar/neovim/0.10.4/share/nvim/runtime/plugin/netrwPlugin.vim
091.842  000.025  000.025: sourcing /opt/homebrew/Cellar/neovim/0.10.4/share/nvim/runtime/plugin/osc52.lua
091.922  000.056  000.056: sourcing /opt/homebrew/Cellar/neovim/0.10.4/share/nvim/runtime/plugin/rplugin.vim
091.968  000.023  000.023: sourcing /opt/homebrew/Cellar/neovim/0.10.4/share/nvim/runtime/plugin/shada.vim
092.004  000.006  000.006: sourcing /opt/homebrew/Cellar/neovim/0.10.4/share/nvim/runtime/plugin/spellfile.vim
092.061  000.030  000.030: sourcing /opt/homebrew/Cellar/neovim/0.10.4/share/nvim/runtime/plugin/tarPlugin.vim
092.107  000.022  000.022: sourcing /opt/homebrew/Cellar/neovim/0.10.4/share/nvim/runtime/plugin/tohtml.lua
092.139  000.006  000.006: sourcing /opt/homebrew/Cellar/neovim/0.10.4/share/nvim/runtime/plugin/tutor.vim
092.208  000.044  000.044: sourcing /opt/homebrew/Cellar/neovim/0.10.4/share/nvim/runtime/plugin/zipPlugin.vim
092.380  000.026  000.026: sourcing /Users/emresin/.local/share/nvim/lazy/cmp-nvim-lsp/after/plugin/cmp_nvim_lsp.lua
092.453  000.029  000.029: sourcing /Users/emresin/.local/share/nvim/lazy/indent-blankline.nvim/after/plugin/commands.lua
092.468  084.475  028.827: require('lazy-plugins')
092.469  086.187  000.051: sourcing /Users/emresin/.config/nvim/init.lua
092.473  000.810: sourcing vimrc file(s)
092.724  000.019  000.019: sourcing /opt/homebrew/Cellar/neovim/0.10.4/share/nvim/runtime/filetype.lua
092.871  000.023  000.023: sourcing /opt/homebrew/Cellar/neovim/0.10.4/share/nvim/runtime/syntax/synload.vim
092.898  000.131  000.109: sourcing /opt/homebrew/Cellar/neovim/0.10.4/share/nvim/runtime/syntax/syntax.vim
092.902  000.279: inits 3
093.939  001.037: reading ShaDa
094.046  000.106: opening buffers
094.078  000.032: BufEnter autocommands
094.079  000.001: editing files in windows
094.201  000.010  000.010: sourcing /Users/emresin/.local/share/nvim/lazy/todo-comments.nvim/plugin/todo.vim
094.546  000.036  000.036: require('todo-comments.util')
094.549  000.089  000.053: require('todo-comments.config')
094.625  000.042  000.042: require('todo-comments.highlight')
094.626  000.077  000.035: require('todo-comments.jump')
094.627  000.402  000.236: require('todo-comments')
094.832  000.050  000.050: require('snacks.picker')
094.918  000.084  000.084: require('snacks.picker.config.sources')
094.954  000.035  000.035: require('todo-comments.snacks')
095.041  000.022  000.022: sourcing /Users/emresin/.local/share/nvim/lazy/which-key.nvim/plugin/which-key.lua
095.294  000.211  000.211: require('which-key')
095.343  000.048  000.048: require('which-key.config')
095.820  000.086  000.086: sourcing /Users/emresin/.local/share/nvim/lazy/telescope.nvim/plugin/telescope.lua
096.096  000.043  000.043: require('telescope._extensions')
096.097  000.269  000.226: require('telescope')
096.140  000.042  000.042: require('telescope.themes')
096.243  000.043  000.043: require('plenary.strings')
096.281  000.038  000.038: require('telescope.deprecated')
096.434  000.072  000.072: require('telescope.log')
096.522  000.038  000.038: require('telescope.state')
096.531  000.096  000.059: require('telescope.utils')
096.533  000.252  000.083: require('telescope.sorters')
097.190  001.046  000.713: require('telescope.config')
097.900  000.216  000.216: require('fzf_lib')
097.902  000.291  000.075: require('telescope._extensions.fzf')
097.962  000.048  000.048: require('telescope._extensions.ui-select')
098.135  000.042  000.042: require('plenary.window.border')
098.179  000.044  000.044: require('plenary.window')
098.222  000.042  000.042: require('plenary.popup.utils')
098.223  000.181  000.053: require('plenary.popup')
098.367  000.051  000.051: require('telescope.pickers.scroller')
098.406  000.039  000.039: require('telescope.actions.state')
098.446  000.039  000.039: require('telescope.actions.utils')
098.529  000.040  000.040: require('telescope.actions.mt')
098.534  000.087  000.047: require('telescope.actions.set')
098.617  000.042  000.042: require('telescope.config.resolve')
098.618  000.084  000.042: require('telescope.pickers.entry_display')
098.656  000.038  000.038: require('telescope.from_entry')
098.744  000.521  000.184: require('telescope.actions')
098.791  000.046  000.046: require('telescope.debounce')
098.846  000.054  000.054: require('telescope.mappings')
098.910  000.064  000.064: require('telescope.pickers.highlights')
098.971  000.060  000.060: require('telescope.pickers.window')
099.099  000.063  000.063: require('telescope.algos.linked_list')
099.101  000.129  000.067: require('telescope.entry_manager')
099.144  000.043  000.043: require('telescope.pickers.multi')
099.149  001.186  000.089: require('telescope.pickers')
099.277  000.082  000.082: require('telescope.make_entry')
099.317  000.040  000.040: require('telescope.finders.async_static_finder')
099.434  000.034  000.034: require('plenary.class')
099.483  000.126  000.092: require('telescope._')
099.484  000.166  000.040: require('telescope.finders.async_oneshot_finder')
099.523  000.038  000.038: require('telescope.finders.async_job_finder')
099.526  000.376  000.050: require('telescope.finders')
099.634  000.096  000.096: require('telescope.builtin')
166.008  067.628: VimEnter autocommands
166.431  000.114  000.114: require('snacks.util')
166.470  000.426  000.312: require('snacks.dashboard')
167.632  001.198: UIEnter autocommands
167.632  000.001: before starting main loop
168.042  000.410: first screen update
168.043  000.001: --- NVIM STARTED ---

--- Startup times for process: Primary/TUI ---

times in msec
 clock   self+sourced   self:  sourced script
 clock   elapsed:              other lines

000.001  000.001: --- NVIM STARTING ---
000.162  000.162: event init
000.353  000.191: early init
000.853  000.500: locale set
000.918  000.065: init first window
001.354  000.436: inits 1
001.366  000.012: window checked
001.370  000.004: parsing arguments
001.893  000.033  000.033: require('vim.shared')
001.968  000.038  000.038: require('vim.inspect')
002.010  000.032  000.032: require('vim._options')
002.012  000.114  000.044: require('vim._editor')
002.013  000.203  000.057: require('vim._init_packages')
002.015  000.442: init lua interpreter
002.701  000.686: --- NVIM STARTED ---

--- Startup times for process: Embedded ---

times in msec
 clock   self+sourced   self:  sourced script
 clock   elapsed:              other lines

000.001  000.001: --- NVIM STARTING ---
000.096  000.096: event init
000.259  000.162: early init
000.633  000.375: locale set
000.683  000.050: init first window
001.031  000.347: inits 1
001.053  000.022: window checked
001.057  000.004: parsing arguments
001.588  000.039  000.039: require('vim.shared')
001.676  000.045  000.045: require('vim.inspect')
001.725  000.037  000.037: require('vim._options')
001.727  000.136  000.054: require('vim._editor')
001.728  000.235  000.061: require('vim._init_packages')
001.731  000.439: init lua interpreter
003.940  002.209: expanding arguments
003.952  000.013: inits 2
004.244  000.292: init highlight
004.245  000.001: waiting for UI
004.390  000.145: done waiting for UI
004.397  000.007: clear screen
004.478  000.010  000.010: require('vim.keymap')
005.301  000.902  000.891: require('vim._defaults')
005.303  000.004: init default mappings & autocommands
005.955  000.061  000.061: sourcing /opt/homebrew/Cellar/neovim/0.10.4/share/nvim/runtime/ftplugin.vim
006.057  000.029  000.029: sourcing /opt/homebrew/Cellar/neovim/0.10.4/share/nvim/runtime/indent.vim
006.527  000.274  000.274: require('options')
007.497  000.969  000.969: require('keymaps')
007.703  000.204  000.204: require('lazy-bootstrap')
008.488  000.208  000.208: require('lazy')
008.649  000.159  000.159: require('kickstart/plugins/gitsigns')
008.771  000.120  000.120: require('kickstart/plugins/which-key')
008.935  000.162  000.162: require('kickstart/plugins/telescope')
009.199  000.262  000.262: require('kickstart/plugins/lspconfig')
009.316  000.115  000.115: require('kickstart/plugins/conform')
009.528  000.211  000.211: require('kickstart/plugins/cmp')
009.614  000.085  000.085: require('kickstart/plugins/tokyonight')
009.706  000.090  000.090: require('kickstart/plugins/todo-comments')
009.797  000.090  000.090: require('kickstart/plugins/mini')
009.947  000.148  000.148: require('kickstart/plugins/treesitter')
010.035  000.087  000.087: require('kickstart.plugins.indent_line')
010.136  000.100  000.100: require('kickstart.plugins.lint')
010.230  000.092  000.092: require('kickstart.plugins.autopairs')
010.321  000.090  000.090: require('kickstart.plugins.neo-tree')
010.352  000.018  000.018: require('ffi')
010.415  000.034  000.034: require('vim.fs')
010.678  000.187  000.187: require('vim.uri')
010.691  000.336  000.116: require('vim.loader')
011.017  000.300  000.300: require('lazy.stats')
011.204  000.151  000.151: require('lazy.core.util')
011.388  000.182  000.182: require('lazy.core.config')
011.708  000.176  000.176: require('lazy.core.handler')
012.280  000.155  000.155: require('lazy.pkg')
012.284  000.286  000.131: require('lazy.core.meta')
012.290  000.580  000.294: require('lazy.core.plugin')
012.296  000.906  000.150: require('lazy.core.loader')
012.896  000.152  000.152: require('lazy.core.fragments')
019.004  000.187  000.187: require('lazy.core.handler.event')
019.006  000.427  000.240: require('lazy.core.handler.ft')
019.101  000.091  000.091: require('lazy.core.handler.cmd')
019.200  000.097  000.097: require('lazy.core.handler.keys')
020.615  000.284  000.284: sourcing /opt/homebrew/Cellar/neovim/0.10.4/share/nvim/runtime/filetype.lua
021.760  000.132  000.132: sourcing /Users/emresin/.local/share/nvim/lazy/gruvbox-material/autoload/gruvbox_material.vim
027.674  006.109  005.976: sourcing /Users/emresin/.local/share/nvim/lazy/gruvbox-material/colors/gruvbox-material.vim
028.655  000.683  000.683: require('snacks')
028.657  000.736  000.053: sourcing /Users/emresin/.local/share/nvim/lazy/snacks.nvim/plugin/snacks.lua
029.614  000.085  000.085: require('ibl.utils')
029.618  000.163  000.078: require('ibl.config')
029.795  000.079  000.079: require('ibl.indent')
029.799  000.179  000.101: require('ibl.hooks')
029.801  000.416  000.073: require('ibl.highlights')
029.863  000.061  000.061: require('ibl.autocmds')
029.926  000.062  000.062: require('ibl.inlay_hints')
030.013  000.086  000.086: require('ibl.virt_text')
030.326  000.156  000.156: require('ibl.scope_languages')
030.327  000.314  000.158: require('ibl.scope')
030.332  001.425  000.487: require('ibl')
030.449  000.089  000.089: require('vim.iter')
030.735  000.085  000.085: require('vim.lsp.log')
031.066  000.330  000.330: require('vim.lsp.protocol')
031.501  000.292  000.292: require('vim.lsp._snippet_grammar')
031.576  000.073  000.073: require('vim.highlight')
031.583  000.004  000.004: require('vim.F')
031.597  000.529  000.160: require('vim.lsp.util')
031.840  000.164  000.164: require('vim.lsp.sync')
031.854  000.256  000.092: require('vim.lsp._changetracking')
032.110  000.255  000.255: require('vim.lsp.rpc')
032.185  001.703  000.248: require('vim.lsp')
032.289  000.102  000.102: require('vim.lsp.handlers')
032.619  000.089  000.089: sourcing /Users/emresin/.local/share/nvim/lazy/vim-commentary/plugin/commentary.vim
033.423  000.562  000.562: sourcing /Users/emresin/.local/share/nvim/lazy/vim-fugitive/plugin/fugitive.vim
033.503  000.006  000.006: sourcing /Users/emresin/.local/share/nvim/lazy/vim-fugitive/ftdetect/fugitive.vim
034.115  000.060  000.060: require('gitsigns.async')
034.221  000.105  000.105: require('gitsigns.debug.log')
034.352  000.130  000.130: require('gitsigns.config')
034.355  000.555  000.259: require('gitsigns')
034.613  000.156  000.156: require('gitsigns.highlight')
034.971  000.093  000.093: require('gitsigns.debounce')
035.230  000.014  000.014: sourcing /Users/emresin/.local/share/nvim/lazy/plenary.nvim/plugin/plenary.vim
035.936  000.055  000.055: require('plenary.bit')
035.986  000.049  000.049: require('plenary.functional')
036.006  000.201  000.097: require('plenary.path')
036.057  000.320  000.120: require('plenary.log')
036.085  000.400  000.080: require('lsp-file-operations.log')
036.086  000.838  000.438: require('lsp-file-operations')
037.833  000.016  000.016: sourcing /Users/emresin/.local/share/nvim/lazy/nvim-web-devicons/plugin/nvim-web-devicons.vim
038.029  000.010  000.010: sourcing /Users/emresin/.local/share/nvim/lazy/neo-tree.nvim/plugin/neo-tree.vim
038.681  000.226  000.226: require('neo-tree.log')
038.814  000.133  000.133: require('neo-tree.utils.filesize.filesize')
038.827  000.490  000.131: require('neo-tree.utils')
038.830  000.784  000.294: require('neo-tree')
039.139  000.191  000.191: require('neo-tree.defaults')
039.208  000.068  000.068: require('neo-tree.setup.mapping-helper')
039.394  000.060  000.060: require('neo-tree.collections')
039.397  000.126  000.067: require('neo-tree.events.queue')
039.399  000.191  000.065: require('neo-tree.events')
039.525  000.063  000.063: require('neo-tree.sources.filesystem.lib.globtopattern')
039.530  000.130  000.066: require('neo-tree.sources.common.file-nesting')
039.607  000.077  000.077: require('neo-tree.ui.highlights')
040.404  000.053  000.053: require('nui.object')
040.566  000.057  000.057: require('vim.version')
041.281  000.828  000.771: require('nui.utils')
041.318  000.913  000.085: require('nui.text')
041.322  001.248  000.282: require('nui.line')
041.450  000.050  000.050: require('nui.tree.util')
041.456  000.133  000.083: require('nui.tree')
041.604  000.046  000.046: require('nui.utils.buf_storage')
041.668  000.064  000.064: require('nui.utils.autocmd')
041.720  000.051  000.051: require('nui.utils.keymap')
041.832  000.062  000.062: require('nui.layout.utils')
041.834  000.114  000.052: require('nui.split.utils')
041.870  000.413  000.139: require('nui.split')
042.029  000.095  000.095: require('nui.popup.border')
042.036  000.166  000.071: require('nui.popup')
042.092  000.055  000.055: require('neo-tree.ui.popups')
042.138  000.045  000.045: require('neo-tree.ui.windows')
042.147  002.338  000.278: require('neo-tree.ui.renderer')
042.317  000.048  000.048: require('plenary.compat')
042.321  000.115  000.067: require('plenary.job')
042.324  000.176  000.061: require('neo-tree.sources.filesystem.lib.filter_external')
042.421  000.097  000.097: require('neo-tree.sources.common.file-items')
042.690  000.047  000.047: require('neo-tree.git.utils')
042.691  000.144  000.097: require('neo-tree.git.status')
042.742  000.050  000.050: require('neo-tree.git.ignored')
042.744  000.244  000.050: require('neo-tree.git')
042.746  000.297  000.054: require('neo-tree.sources.filesystem.lib.fs_watch')
043.027  000.047  000.047: require('plenary.tbl')
043.029  000.137  000.090: require('plenary.vararg.rotate')
043.030  000.184  000.047: require('plenary.vararg')
043.077  000.046  000.046: require('plenary.errors')
043.079  000.280  000.050: require('plenary.async.async')
043.273  000.048  000.048: require('plenary.async.structs')
043.276  000.101  000.053: require('plenary.async.control')
043.279  000.153  000.053: require('plenary.async.util')
043.280  000.200  000.047: require('plenary.async.tests')
043.281  000.534  000.054: require('plenary.async')
043.285  003.585  000.142: require('neo-tree.sources.filesystem.lib.fs_scan')
043.408  000.073  000.073: require('nui.input')
043.409  000.123  000.050: require('neo-tree.ui.inputs')
043.416  003.808  000.100: require('neo-tree.sources.manager')
043.567  000.050  000.050: require('neo-tree.command.parser')
043.616  000.048  000.048: require('neo-tree.command.completion')
043.617  000.152  000.054: require('neo-tree.command')
043.619  000.202  000.050: require('neo-tree.setup.netrw')
043.667  000.048  000.048: require('neo-tree.sources.common.hijack_cursor')
043.673  004.842  000.130: require('neo-tree.setup')
043.940  000.147  000.147: require('neo-tree.setup.deprecations')
045.603  000.074  000.074: require('neo-tree.sources.filesystem')
045.719  000.055  000.055: require('neo-tree.sources.buffers.lib.items')
045.725  000.118  000.063: require('neo-tree.sources.buffers')
045.845  000.060  000.060: require('neo-tree.sources.git_status.lib.items')
045.848  000.122  000.061: require('neo-tree.sources.git_status')
046.114  000.088  000.088: require('neo-tree.sources.common.container')
046.122  000.175  000.087: require('neo-tree.sources.common.components')
046.128  000.241  000.066: require('neo-tree.sources.filesystem.components')
047.344  000.928  000.928: require('plenary.scandir')
047.425  000.078  000.078: require('plenary')
047.432  001.132  000.125: require('neo-tree.sources.filesystem.lib.fs_actions')
047.507  000.073  000.073: require('neo-tree.sources.common.help')
047.603  000.096  000.096: require('neo-tree.sources.common.preview')
047.671  000.066  000.066: require('neo-tree.sources.common.node_expander')
047.682  001.488  000.121: require('neo-tree.sources.common.commands')
047.751  000.069  000.069: require('neo-tree.sources.filesystem.lib.filter')
047.788  001.658  000.102: require('neo-tree.sources.filesystem.commands')
047.953  000.062  000.062: require('neo-tree.sources.buffers.components')
048.035  000.080  000.080: require('neo-tree.sources.buffers.commands')
048.150  000.061  000.061: require('neo-tree.sources.git_status.components')
048.211  000.060  000.060: require('neo-tree.sources.git_status.commands')
049.310  011.875  003.601: require('neo-tree.events')
050.135  000.076  000.076: require('tmux.configuration.logging')
050.212  000.076  000.076: require('tmux.log.severity')
050.213  000.245  000.093: require('tmux.log.channels')
050.217  000.345  000.100: require('tmux.log')
050.305  000.087  000.087: require('tmux.configuration.options')
050.452  000.071  000.071: require('tmux.version')
050.453  000.147  000.076: require('tmux.configuration.validate')
050.582  000.128  000.128: require('tmux.wrapper.tmux')
050.584  000.771  000.063: require('tmux.configuration')
050.825  000.130  000.130: require('tmux.keymaps')
050.831  000.246  000.117: require('tmux.copy')
051.120  000.088  000.088: require('tmux.layout.parse')
051.121  000.163  000.075: require('tmux.layout')
051.202  000.080  000.080: require('tmux.wrapper.nvim')
051.203  000.309  000.066: require('tmux.navigation.navigate')
051.205  000.373  000.065: require('tmux.navigation')
051.252  000.047  000.047: require('tmux.resize')
051.254  001.645  000.208: require('tmux')
051.296  000.040  000.040: require('tmux.log.convert')
057.239  000.079  000.079: require('tmux.version.parse')
057.872  000.054  000.054: require('mason-core.path')
057.996  000.067  000.067: require('mason-core.functional')
058.099  000.044  000.044: require('mason-core.functional.data')
058.102  000.097  000.053: require('mason-core.functional.function')
058.155  000.046  000.046: require('mason-core.functional.relation')
058.251  000.091  000.091: require('mason-core.functional.logic')
058.257  000.383  000.082: require('mason-core.platform')
058.306  000.048  000.048: require('mason.settings')
058.307  000.659  000.173: require('mason')
058.469  000.082  000.082: require('mason-core.functional.list')
058.515  000.045  000.045: require('mason-core.functional.string')
058.526  000.201  000.074: require('mason.api.command')
058.579  000.049  000.049: require('mason-registry.sources')
059.158  000.055  000.055: require('mason-core.log')
059.160  000.092  000.037: require('mason-core.EventEmitter')
059.199  000.039  000.039: require('mason-core.optional')
059.286  000.045  000.045: require('mason-core.async')
059.324  000.037  000.037: require('mason-core.async.uv')
059.326  000.127  000.045: require('mason-core.fs')
059.333  000.308  000.051: require('mason-registry')
059.336  000.464  000.156: require('mason-tool-installer')
059.342  000.498  000.034: sourcing /Users/emresin/.local/share/nvim/lazy/mason-tool-installer.nvim/plugin/mason-tool-installer.lua
059.769  000.048  000.048: require('fidget.spinner.patterns')
059.770  000.085  000.037: require('fidget.spinner')
059.809  000.038  000.038: require('fidget.options')
059.812  000.167  000.045: require('fidget.progress.display')
059.901  000.045  000.045: require('fidget.logger')
059.903  000.090  000.046: require('fidget.progress.lsp')
060.078  000.047  000.047: require('fidget.poll')
060.079  000.092  000.045: require('fidget.notification.model')
060.130  000.050  000.050: require('fidget.notification.window')
060.177  000.047  000.047: require('fidget.notification.view')
060.182  000.239  000.050: require('fidget.notification')
060.183  000.280  000.040: require('fidget.progress.handle')
060.187  000.585  000.048: require('fidget.progress')
060.249  000.061  000.061: require('fidget.commands')
060.326  000.038  000.038: require('fidget.integration.nvim-tree')
060.368  000.042  000.042: require('fidget.integration.xcodebuild-nvim')
060.391  000.141  000.060: require('fidget.integration')
060.393  000.944  000.157: require('fidget')
061.072  000.116  000.116: require('lspconfig.util')
061.080  000.158  000.042: sourcing /Users/emresin/.local/share/nvim/lazy/nvim-lspconfig/plugin/lspconfig.lua
061.362  000.044  000.044: require('cmp_nvim_lsp.source')
061.364  000.229  000.184: require('cmp_nvim_lsp')
061.507  000.039  000.039: require('mason-lspconfig.settings')
061.508  000.097  000.058: require('mason-lspconfig')
062.193  000.039  000.039: require('null-ls.utils.tbl_flatten')
062.200  000.096  000.057: require('null-ls.utils')
062.304  000.104  000.104: require('vim.diagnostic')
062.312  000.251  000.052: require('null-ls.config')
062.391  000.039  000.039: require('null-ls.helpers.cache')
062.430  000.038  000.038: require('null-ls.helpers.check_exit_code')
062.474  000.044  000.044: require('null-ls.helpers.diagnostics')
062.515  000.040  000.040: require('null-ls.helpers.formatter_factory')
062.604  000.039  000.039: require('null-ls.logger')
062.648  000.043  000.043: require('null-ls.state')
062.649  000.133  000.052: require('null-ls.helpers.generator_factory')
062.729  000.039  000.039: require('null-ls.helpers.command_resolver')
062.730  000.081  000.041: require('null-ls.helpers.make_builtin')
062.775  000.044  000.044: require('null-ls.helpers.range_formatting_args_factory')
062.776  000.463  000.045: require('null-ls.helpers')
062.962  000.094  000.094: require('null-ls.methods')
062.964  000.136  000.043: require('null-ls.diagnostics')
062.967  000.191  000.054: require('null-ls.sources')
063.009  000.040  000.040: require('null-ls.builtins')
063.010  001.147  000.202: require('null-ls')
063.058  000.047  000.047: require('null-ls.builtins.formatting.prettierd')
063.106  000.043  000.043: require('null-ls.builtins.formatting.black')
063.484  000.180  000.180: require('null-ls.builtins.diagnostics.eslint')
063.489  000.382  000.202: require('null-ls.builtins.diagnostics.eslint_d')
063.560  000.050  000.050: require('null-ls.builtins.formatting.isort')
063.619  000.057  000.057: require('null-ls.builtins.diagnostics.ruff')
063.661  000.041  000.041: require('null-ls.builtins.formatting.gofmt')
063.703  000.041  000.041: require('null-ls.builtins.formatting.goimports')
063.749  000.045  000.045: require('null-ls.builtins.formatting.clang_format')
064.188  000.076  000.076: require('null-ls.client')
064.308  000.047  000.047: require('mason-null-ls.automatic_setup')
064.309  000.100  000.053: require('mason-null-ls')
064.354  000.045  000.045: require('mason-null-ls.settings')
064.409  000.049  000.049: require('mason-null-ls.ensure_installed')
064.529  000.060  000.060: require('mason-core.result')
064.720  000.080  000.080: require('mason-core.process')
064.864  000.144  000.144: require('mason-core.spawn')
064.866  000.285  000.060: require('mason-core.managers.powershell')
064.914  000.047  000.047: require('mason.version')
064.915  000.386  000.054: require('mason-core.fetch')
064.964  000.048  000.048: require('mason-core.providers')
065.241  000.083  000.083: require('mason-core.functional.table')
065.272  000.196  000.113: require('mason-core.purl')
065.281  000.268  000.072: require('mason-core.package')
065.520  000.112  000.112: require('mason-core.installer.registry.expr')
065.524  000.182  000.071: require('mason-core.installer.registry.link')
065.848  000.081  000.081: require('mason-core.receipt')
065.862  000.160  000.079: require('mason-core.installer.context')
065.919  000.057  000.057: require('mason-core.async.control')
065.985  000.065  000.065: require('mason-core.installer.linker')
065.988  000.350  000.068: require('mason-core.installer')
066.024  000.447  000.097: require('mason-core.installer.managers.std')
066.025  000.500  000.053: require('mason-core.installer.registry.schemas')
066.080  000.054  000.054: require('mason-core.installer.registry.util')
066.085  000.804  000.068: require('mason-core.installer.registry')
066.088  001.123  000.051: require('mason-registry.sources.util')
066.094  001.680  000.063: require('mason-registry.sources.github')
068.296  000.047  000.047: require('mason-null-ls.automatic_installation')
068.362  000.049  000.049: require('mason-null-ls.mappings.source')
070.853  000.040  000.040: require('mason-core.functional.type')
073.842  000.036  000.036: require('mason-core.notify')
073.879  000.036  000.036: require('mason-core.functional.number')
073.889  000.134  000.062: require('mason-null-ls.api.command')
073.892  012.383  008.313: require('mason-null-ls.mappings.source')
074.154  000.033  000.033: require('mason-lspconfig.notify')
074.155  000.106  000.074: require('mason-lspconfig.lspconfig_hook')
074.224  000.068  000.068: require('mason-lspconfig.mappings.server')
074.258  000.033  000.033: require('mason-lspconfig.server_config_extensions')
074.336  000.037  000.037: require('lspconfig.async')
074.337  000.078  000.041: require('lspconfig.configs')
074.384  000.047  000.047: require('lspconfig.configs.omnisharp')
074.567  000.047  000.047: require('mason-lspconfig.api.command')
074.622  000.043  000.043: require('lspconfig')
074.673  000.050  000.050: require('lspconfig.configs.ast_grep')
075.219  000.045  000.045: require('lspconfig.manager')
075.292  000.068  000.068: require('lspconfig.configs.vuels')
075.648  000.058  000.058: require('lspconfig.configs.clangd')
075.936  000.047  000.047: require('lspconfig.configs.gopls')
076.261  000.049  000.049: require('lspconfig.configs.pyright')
076.558  000.047  000.047: require('lspconfig.configs.lua_ls')
076.894  000.042  000.042: require('lspconfig.configs.ruff')
077.200  000.051  000.051: require('lspconfig.configs.volar')
077.378  000.050  000.050: require('mason-lspconfig.server_configurations.volar')
077.673  000.052  000.052: require('typescript-tools.config')
077.757  000.076  000.076: require('typescript-tools.protocol.constants')
077.878  000.066  000.066: require('typescript-tools.tsserver_provider')
077.937  000.059  000.059: require('typescript-tools.process')
077.982  000.044  000.044: require('typescript-tools.request_queue')
078.024  000.042  000.042: require('typescript-tools.protocol.progress')
078.113  000.048  000.048: require('typescript-tools.utils')
078.140  000.115  000.067: require('typescript-tools.protocol.module_mapper')
078.181  000.041  000.041: require('typescript-tools.protocol.pending_diagnostic')
078.301  000.070  000.070: require('plenary.async.uv_async')
078.392  000.047  000.047: require('vim.ui')
078.394  000.091  000.045: require('typescript-tools.async')
078.397  000.215  000.054: require('typescript-tools.api')
078.492  000.095  000.095: require('typescript-tools.protocol.utils')
078.495  000.737  000.061: require('typescript-tools.tsserver')
078.635  000.045  000.045: require('typescript-tools.autocommands.common')
078.639  000.095  000.050: require('typescript-tools.autocommands.diagnostics')
078.688  000.048  000.048: require('typescript-tools.autocommands.code_lens')
078.734  000.045  000.045: require('typescript-tools.autocommands.jsx_close_tag')
078.736  000.240  000.052: require('typescript-tools.autocommands')
078.780  000.044  000.044: require('typescript-tools.custom_handlers')
078.824  000.043  000.043: require('typescript-tools.request_router')
078.918  000.047  000.047: require('typescript-tools.integrations')
078.919  000.095  000.048: require('typescript-tools.internal_commands')
078.920  001.379  000.091: require('typescript-tools.rpc')
078.921  001.429  000.051: require('typescript-tools')
079.192  000.177  000.177: sourcing /Users/emresin/.local/share/nvim/lazy/vim-sleuth/plugin/sleuth.vim
079.649  000.069  000.069: require('lualine_require')
079.878  000.509  000.440: require('lualine')
083.196  000.051  000.051: require('lualine.utils.mode')
084.710  000.170  000.170: require('vim.treesitter.language')
084.745  000.034  000.034: require('vim.func')
084.781  000.035  000.035: require('vim.func._memoize')
084.789  000.296  000.058: require('vim.treesitter.query')
084.826  000.036  000.036: require('vim.treesitter._range')
084.831  000.388  000.055: require('vim.treesitter.languagetree')
084.833  000.433  000.045: require('vim.treesitter')
084.836  000.473  000.041: require('nvim-treesitter.compat')
085.546  000.624  000.624: require('nvim-treesitter.parsers')
085.595  000.047  000.047: require('nvim-treesitter.utils')
085.597  000.719  000.047: require('nvim-treesitter.ts_utils')
085.599  000.762  000.044: require('nvim-treesitter.tsrange')
085.650  000.051  000.051: require('nvim-treesitter.caching')
085.654  001.336  000.050: require('nvim-treesitter.query')
085.659  001.397  000.061: require('nvim-treesitter.configs')
085.660  001.575  000.178: require('nvim-treesitter-textobjects')
085.820  000.041  000.041: require('nvim-treesitter.info')
085.869  000.048  000.048: require('nvim-treesitter.shell_command_selectors')
085.876  000.177  000.088: require('nvim-treesitter.install')
085.927  000.050  000.050: require('nvim-treesitter.statusline')
085.969  000.041  000.041: require('nvim-treesitter.query_predicates')
085.970  000.309  000.041: require('nvim-treesitter')
086.052  000.042  000.042: require('nvim-treesitter.textobjects.shared')
086.054  000.082  000.039: require('nvim-treesitter.textobjects.select')
086.135  000.035  000.035: require('nvim-treesitter.textobjects.attach')
086.176  000.040  000.040: require('nvim-treesitter.textobjects.repeatable_move')
086.178  000.114  000.040: require('nvim-treesitter.textobjects.move')
086.347  000.036  000.036: require('nvim-treesitter.textobjects.swap')
086.405  000.038  000.038: require('nvim-treesitter.textobjects.lsp_interop')
086.413  002.332  000.179: sourcing /Users/emresin/.local/share/nvim/lazy/nvim-treesitter-textobjects/plugin/nvim-treesitter-textobjects.vim
086.729  000.264  000.264: sourcing /Users/emresin/.local/share/nvim/lazy/nvim-treesitter/plugin/nvim-treesitter.lua
087.891  000.042  000.042: require('nvim-treesitter.highlight')
087.941  000.042  000.042: require('nvim-treesitter.indent')
088.051  000.041  000.041: require('nvim-treesitter.locals')
088.053  000.083  000.042: require('nvim-treesitter.incremental_selection')
088.391  000.036  000.036: require('treesitter-context.config')
088.394  000.081  000.044: require('treesitter-context')
088.417  000.125  000.044: sourcing /Users/emresin/.local/share/nvim/lazy/nvim-treesitter-context/plugin/treesitter-context.lua
088.523  000.044  000.044: require('vim.treesitter.highlighter')
088.555  000.032  000.032: require('treesitter-context.util')
088.558  000.122  000.046: require('treesitter-context.render')
088.886  000.285  000.285: require('mini.ai')
089.159  000.059  000.059: require('easydirs.init')
089.334  000.028  000.028: sourcing /opt/homebrew/Cellar/neovim/0.10.4/share/nvim/runtime/plugin/editorconfig.lua
089.417  000.059  000.059: sourcing /opt/homebrew/Cellar/neovim/0.10.4/share/nvim/runtime/plugin/gzip.vim
089.467  000.026  000.026: sourcing /opt/homebrew/Cellar/neovim/0.10.4/share/nvim/runtime/plugin/man.lua
089.921  000.076  000.076: sourcing /opt/homebrew/Cellar/neovim/0.10.4/share/nvim/runtime/pack/dist/opt/matchit/plugin/matchit.vim
089.927  000.436  000.359: sourcing /opt/homebrew/Cellar/neovim/0.10.4/share/nvim/runtime/plugin/matchit.vim
090.034  000.074  000.074: sourcing /opt/homebrew/Cellar/neovim/0.10.4/share/nvim/runtime/plugin/matchparen.vim
090.092  000.006  000.006: sourcing /opt/homebrew/Cellar/neovim/0.10.4/share/nvim/runtime/plugin/netrwPlugin.vim
090.142  000.026  000.026: sourcing /opt/homebrew/Cellar/neovim/0.10.4/share/nvim/runtime/plugin/osc52.lua
090.228  000.055  000.055: sourcing /opt/homebrew/Cellar/neovim/0.10.4/share/nvim/runtime/plugin/rplugin.vim
090.277  000.024  000.024: sourcing /opt/homebrew/Cellar/neovim/0.10.4/share/nvim/runtime/plugin/shada.vim
090.310  000.006  000.006: sourcing /opt/homebrew/Cellar/neovim/0.10.4/share/nvim/runtime/plugin/spellfile.vim
090.366  000.031  000.031: sourcing /opt/homebrew/Cellar/neovim/0.10.4/share/nvim/runtime/plugin/tarPlugin.vim
090.413  000.022  000.022: sourcing /opt/homebrew/Cellar/neovim/0.10.4/share/nvim/runtime/plugin/tohtml.lua
090.444  000.006  000.006: sourcing /opt/homebrew/Cellar/neovim/0.10.4/share/nvim/runtime/plugin/tutor.vim
090.514  000.045  000.045: sourcing /opt/homebrew/Cellar/neovim/0.10.4/share/nvim/runtime/plugin/zipPlugin.vim
090.639  000.022  000.022: sourcing /Users/emresin/.local/share/nvim/lazy/cmp-nvim-lsp/after/plugin/cmp_nvim_lsp.lua
090.713  000.029  000.029: sourcing /Users/emresin/.local/share/nvim/lazy/indent-blankline.nvim/after/plugin/commands.lua
090.730  083.026  029.382: require('lazy-plugins')
090.731  084.522  000.050: sourcing /Users/emresin/.config/nvim/init.lua
090.735  000.820: sourcing vimrc file(s)
090.989  000.017  000.017: sourcing /opt/homebrew/Cellar/neovim/0.10.4/share/nvim/runtime/filetype.lua
091.138  000.025  000.025: sourcing /opt/homebrew/Cellar/neovim/0.10.4/share/nvim/runtime/syntax/synload.vim
091.167  000.135  000.109: sourcing /opt/homebrew/Cellar/neovim/0.10.4/share/nvim/runtime/syntax/syntax.vim
091.171  000.284: inits 3
092.237  001.066: reading ShaDa
092.346  000.109: opening buffers
092.371  000.025: BufEnter autocommands
092.372  000.001: editing files in windows
092.854  000.068  000.068: sourcing /Users/emresin/.local/share/nvim/lazy/telescope.nvim/plugin/telescope.lua
093.163  000.044  000.044: require('telescope._extensions')
093.164  000.302  000.258: require('telescope')
093.207  000.042  000.042: require('telescope.themes')
093.307  000.046  000.046: require('plenary.strings')
093.347  000.039  000.039: require('telescope.deprecated')
093.439  000.046  000.046: require('telescope.log')
093.527  000.039  000.039: require('telescope.state')
093.535  000.096  000.058: require('telescope.utils')
093.538  000.190  000.048: require('telescope.sorters')
094.144  000.933  000.658: require('telescope.config')
094.734  000.201  000.201: require('fzf_lib')
094.745  000.258  000.057: require('telescope._extensions.fzf')
094.788  000.040  000.040: require('telescope._extensions.ui-select')
094.939  000.037  000.037: require('plenary.window.border')
094.971  000.032  000.032: require('plenary.window')
095.002  000.030  000.030: require('plenary.popup.utils')
095.004  000.144  000.044: require('plenary.popup')
095.116  000.039  000.039: require('telescope.pickers.scroller')
095.153  000.036  000.036: require('telescope.actions.state')
095.191  000.038  000.038: require('telescope.actions.utils')
095.272  000.040  000.040: require('telescope.actions.mt')
095.276  000.085  000.044: require('telescope.actions.set')
095.357  000.042  000.042: require('telescope.config.resolve')
095.358  000.081  000.039: require('telescope.pickers.entry_display')
095.396  000.038  000.038: require('telescope.from_entry')
095.484  000.480  000.163: require('telescope.actions')
095.527  000.042  000.042: require('telescope.debounce')
095.598  000.070  000.070: require('telescope.mappings')
095.642  000.044  000.044: require('telescope.pickers.highlights')
095.694  000.051  000.051: require('telescope.pickers.window')
095.805  000.060  000.060: require('telescope.algos.linked_list')
095.807  000.113  000.053: require('telescope.entry_manager')
095.881  000.073  000.073: require('telescope.pickers.multi')
095.889  001.100  000.085: require('telescope.pickers')
096.075  000.133  000.133: require('telescope.make_entry')
096.157  000.081  000.081: require('telescope.finders.async_static_finder')
096.306  000.042  000.042: require('plenary.class')
096.313  000.105  000.063: require('telescope._')
096.314  000.157  000.052: require('telescope.finders.async_oneshot_finder')
096.361  000.046  000.046: require('telescope.finders.async_job_finder')
096.364  000.474  000.058: require('telescope.finders')
096.478  000.108  000.108: require('telescope.builtin')
096.604  000.028  000.028: sourcing /Users/emresin/.local/share/nvim/lazy/which-key.nvim/plugin/which-key.lua
096.863  000.239  000.239: require('which-key')
096.930  000.067  000.067: require('which-key.config')
097.023  000.011  000.011: sourcing /Users/emresin/.local/share/nvim/lazy/todo-comments.nvim/plugin/todo.vim
097.433  000.049  000.049: require('todo-comments.util')
097.438  000.106  000.057: require('todo-comments.config')
097.537  000.059  000.059: require('todo-comments.highlight')
097.539  000.101  000.041: require('todo-comments.jump')
097.540  000.461  000.255: require('todo-comments')
097.754  000.050  000.050: require('snacks.picker')
097.879  000.124  000.124: require('snacks.picker.config.sources')
097.926  000.046  000.046: require('todo-comments.snacks')
166.078  069.352: VimEnter autocommands
166.556  000.116  000.116: require('snacks.util')
166.576  000.453  000.337: require('snacks.dashboard')
168.027  001.496: UIEnter autocommands
168.028  000.001: before starting main loop
168.379  000.351: first screen update
168.380  000.001: --- NVIM STARTED ---

